<?xml version="1.0" encoding="UTF-8"?>
<testsuites name="Test Suite Appointment" time="401.107" tests="17" failures="0" errors="0">
   <testsuite name="Test Suite Appointment" tests="17" failures="0" errors="0" time="401.107" skipped="0" timestamp="2023-08-25 10:36:02" hostname="Aslamadin Alvian Haz - DESKTOP-L5FUI4E" id="Test Suites/Test Suite Appointment">
      <properties>
         <property name="deviceName" value=""/>
         <property name="devicePlatform" value=""/>
         <property name="logFolder" value="C:\\Users\\Aslamadin Alvian Haz\\Documents\\Batch 324 QA XSIS Academy\\batch-324-qa\\Alvin\\New folder\\CuraHerokuApp\\Reports\\20230825_103552\\Test Suite Appointment\\20230825_103552"/>
         <property name="logFiles" value="C:\\Users\\Aslamadin Alvian Haz\\Documents\\Batch 324 QA XSIS Academy\\batch-324-qa\\Alvin\\New folder\\CuraHerokuApp\\Reports\\20230825_103552\\Test Suite Appointment\\20230825_103552\\execution0.log"/>
         <property name="attachments" value=""/>
         <property name="hostName" value="Aslamadin Alvian Haz - DESKTOP-L5FUI4E"/>
         <property name="os" value="Windows 10 64bit"/>
         <property name="katalonVersion" value="8.6.5.208"/>
         <property name="browser" value="Edge Chromium 116"/>
         <property name="hostAddress" value="10.9.2.56"/>
         <property name="sessionId" value="7b0cc6397e0b82937173b8b13389a024"/>
         <property name="seleniumVersion" value="3.141.59"/>
         <property name="proxyInformation" value="ProxyInformation { proxyOption=NO_PROXY, proxyServerType=HTTP, username=, password=********, proxyServerAddress=, proxyServerPort=0, executionList=&quot;&quot;, isApplyToDesiredCapabilities=true }"/>
         <property name="platform" value="Windows 10"/>
      </properties>
      <testcase name="Test Cases/Appointment/Test Case 2.1 (dinamis)" time="28.832" classname="Test Cases/Appointment/Test Case 2.1 (dinamis)" status="PASSED">
         <system-out><![CDATA[2023-08-25 10:36:03 - [TEST_CASE][PASSED] - Test Cases/Appointment/Test Case 2.1 (dinamis): Test Cases/Appointment/Test Case 2.1 (dinamis)

2023-08-25 10:36:05 - [TEST_STEP][PASSED] - callTestCase(findTestCase("Login/Test Case 1.1 (Script)"), ["username":username, "password":password], STOP_ON_FAILURE): Call Test Case 'Test Cases/Login/Test Case 1.1 (Script)' successfully

2023-08-25 10:36:05 - [TEST_CASE][PASSED] - Test Cases/Login/Test Case 1.1 (Script): Test Cases/Login/Test Case 1.1 (Script)

2023-08-25 10:36:06 - [TEST_STEP][PASSED] - openBrowser("https://katalon-demo-cura.herokuapp.com/"): Browser is opened with url: 'https://katalon-demo-cura.herokuapp.com/'

2023-08-25 10:36:07 - [MESSAGE][INFO] - Starting 'Edge Chromium' driver

2023-08-25 10:36:09 - [MESSAGE][INFO] - Action delay is set to 0 milliseconds

2023-08-25 10:36:16 - [MESSAGE][PASSED] - Browser is opened with url: 'https://katalon-demo-cura.herokuapp.com/'

2023-08-25 10:36:16 - [TEST_STEP][PASSED] - maximizeWindow(): Current window maximized

2023-08-25 10:36:17 - [MESSAGE][PASSED] - Current window maximized

2023-08-25 10:36:17 - [TEST_STEP][PASSED] - verifyElementPresent(findTestObject("Object Repository/Objek untuk login/title_homepage"), 10): Object 'Object Repository/Objek untuk login/title_homepage' is present

2023-08-25 10:36:17 - [MESSAGE][PASSED] - Object 'Object Repository/Objek untuk login/title_homepage' is present

2023-08-25 10:36:17 - [TEST_STEP][PASSED] - click(findTestObject("Object Repository/Objek untuk login/menu_burger")): Object: 'Object Repository/Objek untuk login/menu_burger' is clicked on

2023-08-25 10:36:18 - [MESSAGE][PASSED] - Object: 'Object Repository/Objek untuk login/menu_burger' is clicked on

2023-08-25 10:36:18 - [TEST_STEP][PASSED] - click(findTestObject("Object Repository/Objek untuk login/menu_login")): Object: 'Object Repository/Objek untuk login/menu_login' is clicked on

2023-08-25 10:36:20 - [MESSAGE][PASSED] - Object: 'Object Repository/Objek untuk login/menu_login' is clicked on

2023-08-25 10:36:20 - [TEST_STEP][PASSED] - verifyElementPresent(findTestObject("Object Repository/Objek untuk login/verifikasi_masuk_halaman_login"), 10): Object 'Object Repository/Objek untuk login/verifikasi_masuk_halaman_login' is present

2023-08-25 10:36:21 - [MESSAGE][PASSED] - Object 'Object Repository/Objek untuk login/verifikasi_masuk_halaman_login' is present

2023-08-25 10:36:21 - [TEST_STEP][PASSED] - setText(findTestObject("Object Repository/Objek untuk login/input_form_username"), username): Text 'John Doe' is set on object 'Object Repository/Objek untuk login/input_form_username'

2023-08-25 10:36:22 - [MESSAGE][PASSED] - Text 'John Doe' is set on object 'Object Repository/Objek untuk login/input_form_username'

2023-08-25 10:36:22 - [TEST_STEP][PASSED] - setEncryptedText(findTestObject("Object Repository/Objek untuk login/input_form_password"), password): Text ****** has been set on object 'Object Repository/Objek untuk login/input_form_password'

2023-08-25 10:36:23 - [MESSAGE][PASSED] - Text ****** has been set on object 'Object Repository/Objek untuk login/input_form_password'

2023-08-25 10:36:23 - [TEST_STEP][PASSED] - click(findTestObject("Object Repository/Objek untuk login/button_form_Login")): Object: 'Object Repository/Objek untuk login/button_form_Login' is clicked on

2023-08-25 10:36:24 - [MESSAGE][PASSED] - Object: 'Object Repository/Objek untuk login/button_form_Login' is clicked on

2023-08-25 10:36:24 - [TEST_STEP][PASSED] - verifyElementPresent(findTestObject("Object Repository/Objek untuk login/title_make _appointment"), 10): Object 'Object Repository/Objek untuk login/title_make _appointment' is present

2023-08-25 10:36:24 - [MESSAGE][PASSED] - Object 'Object Repository/Objek untuk login/title_make _appointment' is present

2023-08-25 10:36:25 - [MESSAGE][PASSED] - Call Test Case 'Test Cases/Login/Test Case 1.1 (Script)' successfully

2023-08-25 10:36:25 - [TEST_STEP][PASSED] - selectOptionByValue(findTestObject("Make Appointment/select_facility"), facility, false): All options with value 'Tokyo CURA Healthcare Center' are selected in object 'Object Repository/Make Appointment/select_facility' 

2023-08-25 10:36:25 - [MESSAGE][PASSED] - All options with value 'Tokyo CURA Healthcare Center' are selected in object 'Object Repository/Make Appointment/select_facility' 

2023-08-25 10:36:25 - [TEST_STEP][PASSED] - if (toString().equalsIgnoreCase("yes")): Object 'Object Repository/Make Appointment/apply_hospital_readmission' is checked

2023-08-25 10:36:25 - [TEST_STEP][PASSED] - check(findTestObject("Make Appointment/apply_hospital_readmission")): Object 'Object Repository/Make Appointment/apply_hospital_readmission' is checked

2023-08-25 10:36:26 - [MESSAGE][PASSED] - Object 'Object Repository/Make Appointment/apply_hospital_readmission' is checked

2023-08-25 10:36:26 - [TEST_STEP][PASSED] - if (toString().equalsIgnoreCase("medicare")): Object 'Object Repository/Make Appointment/option_medicare' is checked

2023-08-25 10:36:26 - [TEST_STEP][PASSED] - check(findTestObject("Object Repository/Make Appointment/option_medicare")): Object 'Object Repository/Make Appointment/option_medicare' is checked

2023-08-25 10:36:26 - [MESSAGE][PASSED] - Object 'Object Repository/Make Appointment/option_medicare' is checked

2023-08-25 10:36:26 - [TEST_STEP][PASSED] - setText(findTestObject("Make Appointment/visit_date_appointment"), date): Text '04/06/2023' is set on object 'Object Repository/Make Appointment/visit_date_appointment'

2023-08-25 10:36:27 - [MESSAGE][PASSED] - Text '04/06/2023' is set on object 'Object Repository/Make Appointment/visit_date_appointment'

2023-08-25 10:36:27 - [TEST_STEP][PASSED] - setText(findTestObject("Make Appointment/comment_appointment"), comment): Text 'Hello World' is set on object 'Object Repository/Make Appointment/comment_appointment'

2023-08-25 10:36:28 - [MESSAGE][PASSED] - Text 'Hello World' is set on object 'Object Repository/Make Appointment/comment_appointment'

2023-08-25 10:36:28 - [TEST_STEP][PASSED] - click(findTestObject("Make Appointment/button_book_appointment")): Object: 'Object Repository/Make Appointment/button_book_appointment' is clicked on

2023-08-25 10:36:29 - [MESSAGE][PASSED] - Object: 'Object Repository/Make Appointment/button_book_appointment' is clicked on

2023-08-25 10:36:29 - [TEST_STEP][PASSED] - verifyElementPresent(findTestObject("Make Appointment/verify_appointment_confirmation"), 10): Object 'Object Repository/Make Appointment/verify_appointment_confirmation' is present

2023-08-25 10:36:30 - [MESSAGE][PASSED] - Object 'Object Repository/Make Appointment/verify_appointment_confirmation' is present

2023-08-25 10:36:30 - [TEST_STEP][PASSED] - hasilFacility = getText(findTestObject("Object Repository/Make Appointment/hasil_facility")): Text of object 'Object Repository/Make Appointment/hasil_facility' is: 'Tokyo CURA Healthcare Center'

2023-08-25 10:36:30 - [MESSAGE][PASSED] - Text of object 'Object Repository/Make Appointment/hasil_facility' is: 'Tokyo CURA Healthcare Center'

2023-08-25 10:36:30 - [TEST_STEP][PASSED] - hasilReadmission = getText(findTestObject("Object Repository/Make Appointment/hasil_readmission")): Text of object 'Object Repository/Make Appointment/hasil_readmission' is: 'Yes'

2023-08-25 10:36:31 - [MESSAGE][PASSED] - Text of object 'Object Repository/Make Appointment/hasil_readmission' is: 'Yes'

2023-08-25 10:36:31 - [TEST_STEP][PASSED] - hasilProgram = getText(findTestObject("Object Repository/Make Appointment/hasil_program")): Text of object 'Object Repository/Make Appointment/hasil_program' is: 'Medicare'

2023-08-25 10:36:31 - [MESSAGE][PASSED] - Text of object 'Object Repository/Make Appointment/hasil_program' is: 'Medicare'

2023-08-25 10:36:31 - [TEST_STEP][PASSED] - hasilDate = getText(findTestObject("Make Appointment/hasil_visit_date")): Text of object 'Object Repository/Make Appointment/hasil_visit_date' is: '04/06/2023'

2023-08-25 10:36:32 - [MESSAGE][PASSED] - Text of object 'Object Repository/Make Appointment/hasil_visit_date' is: '04/06/2023'

2023-08-25 10:36:32 - [TEST_STEP][PASSED] - hasilComment = getText(findTestObject("Make Appointment/hasil_comment")): Text of object 'Object Repository/Make Appointment/hasil_comment' is: 'Hello World'

2023-08-25 10:36:32 - [MESSAGE][PASSED] - Text of object 'Object Repository/Make Appointment/hasil_comment' is: 'Hello World'

2023-08-25 10:36:32 - [TEST_STEP][PASSED] - assert trim().equalsIgnoreCase(facility.trim()): null

2023-08-25 10:36:32 - [TEST_STEP][PASSED] - assert trim().equalsIgnoreCase(readmission.trim()): null

2023-08-25 10:36:32 - [TEST_STEP][PASSED] - assert trim().equalsIgnoreCase(healthcare_program.trim()): null

2023-08-25 10:36:32 - [TEST_STEP][PASSED] - assert trim().equalsIgnoreCase(date.trim()): null

2023-08-25 10:36:32 - [TEST_STEP][PASSED] - assert trim().equalsIgnoreCase(comment.trim()): null]]></system-out>
         <system-err><![CDATA[]]></system-err>
      </testcase>
      <testcase name="Test Cases/Appointment/Test Case 2.1 (dinamis)" time="23.22" classname="Test Cases/Appointment/Test Case 2.1 (dinamis)" status="PASSED">
         <system-out><![CDATA[2023-08-25 10:36:32 - [TEST_CASE][PASSED] - Test Cases/Appointment/Test Case 2.1 (dinamis): Test Cases/Appointment/Test Case 2.1 (dinamis)

2023-08-25 10:36:33 - [TEST_STEP][PASSED] - callTestCase(findTestCase("Login/Test Case 1.1 (Script)"), ["username":username, "password":password], STOP_ON_FAILURE): Call Test Case 'Test Cases/Login/Test Case 1.1 (Script)' successfully

2023-08-25 10:36:33 - [TEST_CASE][PASSED] - Test Cases/Login/Test Case 1.1 (Script): Test Cases/Login/Test Case 1.1 (Script)

2023-08-25 10:36:33 - [TEST_STEP][PASSED] - openBrowser("https://katalon-demo-cura.herokuapp.com/"): Browser is opened with url: 'https://katalon-demo-cura.herokuapp.com/'

2023-08-25 10:36:33 - [MESSAGE][WARNING] - A browser is already opened. Closing browser and opening a new one

2023-08-25 10:36:34 - [MESSAGE][INFO] - Starting 'Edge Chromium' driver

2023-08-25 10:36:36 - [MESSAGE][INFO] - Action delay is set to 0 milliseconds

2023-08-25 10:36:41 - [MESSAGE][PASSED] - Browser is opened with url: 'https://katalon-demo-cura.herokuapp.com/'

2023-08-25 10:36:41 - [TEST_STEP][PASSED] - maximizeWindow(): Current window maximized

2023-08-25 10:36:41 - [MESSAGE][PASSED] - Current window maximized

2023-08-25 10:36:41 - [TEST_STEP][PASSED] - verifyElementPresent(findTestObject("Object Repository/Objek untuk login/title_homepage"), 10): Object 'Object Repository/Objek untuk login/title_homepage' is present

2023-08-25 10:36:42 - [MESSAGE][PASSED] - Object 'Object Repository/Objek untuk login/title_homepage' is present

2023-08-25 10:36:42 - [TEST_STEP][PASSED] - click(findTestObject("Object Repository/Objek untuk login/menu_burger")): Object: 'Object Repository/Objek untuk login/menu_burger' is clicked on

2023-08-25 10:36:42 - [MESSAGE][PASSED] - Object: 'Object Repository/Objek untuk login/menu_burger' is clicked on

2023-08-25 10:36:42 - [TEST_STEP][PASSED] - click(findTestObject("Object Repository/Objek untuk login/menu_login")): Object: 'Object Repository/Objek untuk login/menu_login' is clicked on

2023-08-25 10:36:44 - [MESSAGE][PASSED] - Object: 'Object Repository/Objek untuk login/menu_login' is clicked on

2023-08-25 10:36:44 - [TEST_STEP][PASSED] - verifyElementPresent(findTestObject("Object Repository/Objek untuk login/verifikasi_masuk_halaman_login"), 10): Object 'Object Repository/Objek untuk login/verifikasi_masuk_halaman_login' is present

2023-08-25 10:36:44 - [MESSAGE][PASSED] - Object 'Object Repository/Objek untuk login/verifikasi_masuk_halaman_login' is present

2023-08-25 10:36:44 - [TEST_STEP][PASSED] - setText(findTestObject("Object Repository/Objek untuk login/input_form_username"), username): Text 'John Doe' is set on object 'Object Repository/Objek untuk login/input_form_username'

2023-08-25 10:36:45 - [MESSAGE][PASSED] - Text 'John Doe' is set on object 'Object Repository/Objek untuk login/input_form_username'

2023-08-25 10:36:45 - [TEST_STEP][PASSED] - setEncryptedText(findTestObject("Object Repository/Objek untuk login/input_form_password"), password): Text ****** has been set on object 'Object Repository/Objek untuk login/input_form_password'

2023-08-25 10:36:46 - [MESSAGE][PASSED] - Text ****** has been set on object 'Object Repository/Objek untuk login/input_form_password'

2023-08-25 10:36:46 - [TEST_STEP][PASSED] - click(findTestObject("Object Repository/Objek untuk login/button_form_Login")): Object: 'Object Repository/Objek untuk login/button_form_Login' is clicked on

2023-08-25 10:36:47 - [MESSAGE][PASSED] - Object: 'Object Repository/Objek untuk login/button_form_Login' is clicked on

2023-08-25 10:36:47 - [TEST_STEP][PASSED] - verifyElementPresent(findTestObject("Object Repository/Objek untuk login/title_make _appointment"), 10): Object 'Object Repository/Objek untuk login/title_make _appointment' is present

2023-08-25 10:36:48 - [MESSAGE][PASSED] - Object 'Object Repository/Objek untuk login/title_make _appointment' is present

2023-08-25 10:36:48 - [MESSAGE][PASSED] - Call Test Case 'Test Cases/Login/Test Case 1.1 (Script)' successfully

2023-08-25 10:36:48 - [TEST_STEP][PASSED] - selectOptionByValue(findTestObject("Make Appointment/select_facility"), facility, false): All options with value 'Tokyo CURA Healthcare Center' are selected in object 'Object Repository/Make Appointment/select_facility' 

2023-08-25 10:36:49 - [MESSAGE][PASSED] - All options with value 'Tokyo CURA Healthcare Center' are selected in object 'Object Repository/Make Appointment/select_facility' 

2023-08-25 10:36:49 - [TEST_STEP][PASSED] - if (toString().equalsIgnoreCase("yes")): Object 'Object Repository/Make Appointment/apply_hospital_readmission' is checked

2023-08-25 10:36:49 - [TEST_STEP][PASSED] - check(findTestObject("Make Appointment/apply_hospital_readmission")): Object 'Object Repository/Make Appointment/apply_hospital_readmission' is checked

2023-08-25 10:36:49 - [MESSAGE][PASSED] - Object 'Object Repository/Make Appointment/apply_hospital_readmission' is checked

2023-08-25 10:36:49 - [TEST_STEP][PASSED] - if (toString().equalsIgnoreCase("medicare")): null

2023-08-25 10:36:49 - [TEST_STEP][PASSED] - else if (toString().equalsIgnoreCase("medicaid")): Object 'Object Repository/Make Appointment/option_medicaid' is checked

2023-08-25 10:36:49 - [TEST_STEP][PASSED] - check(findTestObject("Make Appointment/option_medicaid")): Object 'Object Repository/Make Appointment/option_medicaid' is checked

2023-08-25 10:36:50 - [MESSAGE][PASSED] - Object 'Object Repository/Make Appointment/option_medicaid' is checked

2023-08-25 10:36:50 - [TEST_STEP][PASSED] - setText(findTestObject("Make Appointment/visit_date_appointment"), date): Text '04/06/2023' is set on object 'Object Repository/Make Appointment/visit_date_appointment'

2023-08-25 10:36:51 - [MESSAGE][PASSED] - Text '04/06/2023' is set on object 'Object Repository/Make Appointment/visit_date_appointment'

2023-08-25 10:36:51 - [TEST_STEP][PASSED] - setText(findTestObject("Make Appointment/comment_appointment"), comment): Text 'Hello World' is set on object 'Object Repository/Make Appointment/comment_appointment'

2023-08-25 10:36:52 - [MESSAGE][PASSED] - Text 'Hello World' is set on object 'Object Repository/Make Appointment/comment_appointment'

2023-08-25 10:36:52 - [TEST_STEP][PASSED] - click(findTestObject("Make Appointment/button_book_appointment")): Object: 'Object Repository/Make Appointment/button_book_appointment' is clicked on

2023-08-25 10:36:53 - [MESSAGE][PASSED] - Object: 'Object Repository/Make Appointment/button_book_appointment' is clicked on

2023-08-25 10:36:53 - [TEST_STEP][PASSED] - verifyElementPresent(findTestObject("Make Appointment/verify_appointment_confirmation"), 10): Object 'Object Repository/Make Appointment/verify_appointment_confirmation' is present

2023-08-25 10:36:53 - [MESSAGE][PASSED] - Object 'Object Repository/Make Appointment/verify_appointment_confirmation' is present

2023-08-25 10:36:53 - [TEST_STEP][PASSED] - hasilFacility = getText(findTestObject("Object Repository/Make Appointment/hasil_facility")): Text of object 'Object Repository/Make Appointment/hasil_facility' is: 'Tokyo CURA Healthcare Center'

2023-08-25 10:36:54 - [MESSAGE][PASSED] - Text of object 'Object Repository/Make Appointment/hasil_facility' is: 'Tokyo CURA Healthcare Center'

2023-08-25 10:36:54 - [TEST_STEP][PASSED] - hasilReadmission = getText(findTestObject("Object Repository/Make Appointment/hasil_readmission")): Text of object 'Object Repository/Make Appointment/hasil_readmission' is: 'Yes'

2023-08-25 10:36:54 - [MESSAGE][PASSED] - Text of object 'Object Repository/Make Appointment/hasil_readmission' is: 'Yes'

2023-08-25 10:36:54 - [TEST_STEP][PASSED] - hasilProgram = getText(findTestObject("Object Repository/Make Appointment/hasil_program")): Text of object 'Object Repository/Make Appointment/hasil_program' is: 'Medicaid'

2023-08-25 10:36:55 - [MESSAGE][PASSED] - Text of object 'Object Repository/Make Appointment/hasil_program' is: 'Medicaid'

2023-08-25 10:36:55 - [TEST_STEP][PASSED] - hasilDate = getText(findTestObject("Make Appointment/hasil_visit_date")): Text of object 'Object Repository/Make Appointment/hasil_visit_date' is: '04/06/2023'

2023-08-25 10:36:55 - [MESSAGE][PASSED] - Text of object 'Object Repository/Make Appointment/hasil_visit_date' is: '04/06/2023'

2023-08-25 10:36:55 - [TEST_STEP][PASSED] - hasilComment = getText(findTestObject("Make Appointment/hasil_comment")): Text of object 'Object Repository/Make Appointment/hasil_comment' is: 'Hello World'

2023-08-25 10:36:56 - [MESSAGE][PASSED] - Text of object 'Object Repository/Make Appointment/hasil_comment' is: 'Hello World'

2023-08-25 10:36:56 - [TEST_STEP][PASSED] - assert trim().equalsIgnoreCase(facility.trim()): null

2023-08-25 10:36:56 - [TEST_STEP][PASSED] - assert trim().equalsIgnoreCase(readmission.trim()): null

2023-08-25 10:36:56 - [TEST_STEP][PASSED] - assert trim().equalsIgnoreCase(healthcare_program.trim()): null

2023-08-25 10:36:56 - [TEST_STEP][PASSED] - assert trim().equalsIgnoreCase(date.trim()): null

2023-08-25 10:36:56 - [TEST_STEP][PASSED] - assert trim().equalsIgnoreCase(comment.trim()): null]]></system-out>
         <system-err><![CDATA[]]></system-err>
      </testcase>
      <testcase name="Test Cases/Appointment/Test Case 2.1 (dinamis)" time="22.398" classname="Test Cases/Appointment/Test Case 2.1 (dinamis)" status="PASSED">
         <system-out><![CDATA[2023-08-25 10:36:56 - [TEST_CASE][PASSED] - Test Cases/Appointment/Test Case 2.1 (dinamis): Test Cases/Appointment/Test Case 2.1 (dinamis)

2023-08-25 10:36:56 - [TEST_STEP][PASSED] - callTestCase(findTestCase("Login/Test Case 1.1 (Script)"), ["username":username, "password":password], STOP_ON_FAILURE): Call Test Case 'Test Cases/Login/Test Case 1.1 (Script)' successfully

2023-08-25 10:36:56 - [TEST_CASE][PASSED] - Test Cases/Login/Test Case 1.1 (Script): Test Cases/Login/Test Case 1.1 (Script)

2023-08-25 10:36:56 - [TEST_STEP][PASSED] - openBrowser("https://katalon-demo-cura.herokuapp.com/"): Browser is opened with url: 'https://katalon-demo-cura.herokuapp.com/'

2023-08-25 10:36:56 - [MESSAGE][WARNING] - A browser is already opened. Closing browser and opening a new one

2023-08-25 10:36:57 - [MESSAGE][INFO] - Starting 'Edge Chromium' driver

2023-08-25 10:36:59 - [MESSAGE][INFO] - Action delay is set to 0 milliseconds

2023-08-25 10:37:03 - [MESSAGE][PASSED] - Browser is opened with url: 'https://katalon-demo-cura.herokuapp.com/'

2023-08-25 10:37:03 - [TEST_STEP][PASSED] - maximizeWindow(): Current window maximized

2023-08-25 10:37:04 - [MESSAGE][PASSED] - Current window maximized

2023-08-25 10:37:04 - [TEST_STEP][PASSED] - verifyElementPresent(findTestObject("Object Repository/Objek untuk login/title_homepage"), 10): Object 'Object Repository/Objek untuk login/title_homepage' is present

2023-08-25 10:37:04 - [MESSAGE][PASSED] - Object 'Object Repository/Objek untuk login/title_homepage' is present

2023-08-25 10:37:04 - [TEST_STEP][PASSED] - click(findTestObject("Object Repository/Objek untuk login/menu_burger")): Object: 'Object Repository/Objek untuk login/menu_burger' is clicked on

2023-08-25 10:37:05 - [MESSAGE][PASSED] - Object: 'Object Repository/Objek untuk login/menu_burger' is clicked on

2023-08-25 10:37:05 - [TEST_STEP][PASSED] - click(findTestObject("Object Repository/Objek untuk login/menu_login")): Object: 'Object Repository/Objek untuk login/menu_login' is clicked on

2023-08-25 10:37:06 - [MESSAGE][PASSED] - Object: 'Object Repository/Objek untuk login/menu_login' is clicked on

2023-08-25 10:37:06 - [TEST_STEP][PASSED] - verifyElementPresent(findTestObject("Object Repository/Objek untuk login/verifikasi_masuk_halaman_login"), 10): Object 'Object Repository/Objek untuk login/verifikasi_masuk_halaman_login' is present

2023-08-25 10:37:07 - [MESSAGE][PASSED] - Object 'Object Repository/Objek untuk login/verifikasi_masuk_halaman_login' is present

2023-08-25 10:37:07 - [TEST_STEP][PASSED] - setText(findTestObject("Object Repository/Objek untuk login/input_form_username"), username): Text 'John Doe' is set on object 'Object Repository/Objek untuk login/input_form_username'

2023-08-25 10:37:08 - [MESSAGE][PASSED] - Text 'John Doe' is set on object 'Object Repository/Objek untuk login/input_form_username'

2023-08-25 10:37:08 - [TEST_STEP][PASSED] - setEncryptedText(findTestObject("Object Repository/Objek untuk login/input_form_password"), password): Text ****** has been set on object 'Object Repository/Objek untuk login/input_form_password'

2023-08-25 10:37:09 - [MESSAGE][PASSED] - Text ****** has been set on object 'Object Repository/Objek untuk login/input_form_password'

2023-08-25 10:37:09 - [TEST_STEP][PASSED] - click(findTestObject("Object Repository/Objek untuk login/button_form_Login")): Object: 'Object Repository/Objek untuk login/button_form_Login' is clicked on

2023-08-25 10:37:10 - [MESSAGE][PASSED] - Object: 'Object Repository/Objek untuk login/button_form_Login' is clicked on

2023-08-25 10:37:10 - [TEST_STEP][PASSED] - verifyElementPresent(findTestObject("Object Repository/Objek untuk login/title_make _appointment"), 10): Object 'Object Repository/Objek untuk login/title_make _appointment' is present

2023-08-25 10:37:10 - [MESSAGE][PASSED] - Object 'Object Repository/Objek untuk login/title_make _appointment' is present

2023-08-25 10:37:10 - [MESSAGE][PASSED] - Call Test Case 'Test Cases/Login/Test Case 1.1 (Script)' successfully

2023-08-25 10:37:10 - [TEST_STEP][PASSED] - selectOptionByValue(findTestObject("Make Appointment/select_facility"), facility, false): All options with value 'Tokyo CURA Healthcare Center' are selected in object 'Object Repository/Make Appointment/select_facility' 

2023-08-25 10:37:11 - [MESSAGE][PASSED] - All options with value 'Tokyo CURA Healthcare Center' are selected in object 'Object Repository/Make Appointment/select_facility' 

2023-08-25 10:37:11 - [TEST_STEP][PASSED] - if (toString().equalsIgnoreCase("yes")): Object 'Object Repository/Make Appointment/apply_hospital_readmission' is checked

2023-08-25 10:37:11 - [TEST_STEP][PASSED] - check(findTestObject("Make Appointment/apply_hospital_readmission")): Object 'Object Repository/Make Appointment/apply_hospital_readmission' is checked

2023-08-25 10:37:12 - [MESSAGE][PASSED] - Object 'Object Repository/Make Appointment/apply_hospital_readmission' is checked

2023-08-25 10:37:12 - [TEST_STEP][PASSED] - if (toString().equalsIgnoreCase("medicare")): null

2023-08-25 10:37:12 - [TEST_STEP][PASSED] - else if (toString().equalsIgnoreCase("medicaid")): null

2023-08-25 10:37:12 - [TEST_STEP][PASSED] - else: Object 'Object Repository/Make Appointment/option_none_programs' is checked

2023-08-25 10:37:12 - [TEST_STEP][PASSED] - check(findTestObject("Object Repository/Make Appointment/option_none_programs")): Object 'Object Repository/Make Appointment/option_none_programs' is checked

2023-08-25 10:37:12 - [MESSAGE][PASSED] - Object 'Object Repository/Make Appointment/option_none_programs' is checked

2023-08-25 10:37:12 - [TEST_STEP][PASSED] - setText(findTestObject("Make Appointment/visit_date_appointment"), date): Text '04/06/2023' is set on object 'Object Repository/Make Appointment/visit_date_appointment'

2023-08-25 10:37:13 - [MESSAGE][PASSED] - Text '04/06/2023' is set on object 'Object Repository/Make Appointment/visit_date_appointment'

2023-08-25 10:37:13 - [TEST_STEP][PASSED] - setText(findTestObject("Make Appointment/comment_appointment"), comment): Text 'Hello World' is set on object 'Object Repository/Make Appointment/comment_appointment'

2023-08-25 10:37:14 - [MESSAGE][PASSED] - Text 'Hello World' is set on object 'Object Repository/Make Appointment/comment_appointment'

2023-08-25 10:37:14 - [TEST_STEP][PASSED] - click(findTestObject("Make Appointment/button_book_appointment")): Object: 'Object Repository/Make Appointment/button_book_appointment' is clicked on

2023-08-25 10:37:15 - [MESSAGE][PASSED] - Object: 'Object Repository/Make Appointment/button_book_appointment' is clicked on

2023-08-25 10:37:15 - [TEST_STEP][PASSED] - verifyElementPresent(findTestObject("Make Appointment/verify_appointment_confirmation"), 10): Object 'Object Repository/Make Appointment/verify_appointment_confirmation' is present

2023-08-25 10:37:16 - [MESSAGE][PASSED] - Object 'Object Repository/Make Appointment/verify_appointment_confirmation' is present

2023-08-25 10:37:16 - [TEST_STEP][PASSED] - hasilFacility = getText(findTestObject("Object Repository/Make Appointment/hasil_facility")): Text of object 'Object Repository/Make Appointment/hasil_facility' is: 'Tokyo CURA Healthcare Center'

2023-08-25 10:37:16 - [MESSAGE][PASSED] - Text of object 'Object Repository/Make Appointment/hasil_facility' is: 'Tokyo CURA Healthcare Center'

2023-08-25 10:37:16 - [TEST_STEP][PASSED] - hasilReadmission = getText(findTestObject("Object Repository/Make Appointment/hasil_readmission")): Text of object 'Object Repository/Make Appointment/hasil_readmission' is: 'Yes'

2023-08-25 10:37:17 - [MESSAGE][PASSED] - Text of object 'Object Repository/Make Appointment/hasil_readmission' is: 'Yes'

2023-08-25 10:37:17 - [TEST_STEP][PASSED] - hasilProgram = getText(findTestObject("Object Repository/Make Appointment/hasil_program")): Text of object 'Object Repository/Make Appointment/hasil_program' is: 'None'

2023-08-25 10:37:17 - [MESSAGE][PASSED] - Text of object 'Object Repository/Make Appointment/hasil_program' is: 'None'

2023-08-25 10:37:17 - [TEST_STEP][PASSED] - hasilDate = getText(findTestObject("Make Appointment/hasil_visit_date")): Text of object 'Object Repository/Make Appointment/hasil_visit_date' is: '04/06/2023'

2023-08-25 10:37:18 - [MESSAGE][PASSED] - Text of object 'Object Repository/Make Appointment/hasil_visit_date' is: '04/06/2023'

2023-08-25 10:37:18 - [TEST_STEP][PASSED] - hasilComment = getText(findTestObject("Make Appointment/hasil_comment")): Text of object 'Object Repository/Make Appointment/hasil_comment' is: 'Hello World'

2023-08-25 10:37:18 - [MESSAGE][PASSED] - Text of object 'Object Repository/Make Appointment/hasil_comment' is: 'Hello World'

2023-08-25 10:37:18 - [TEST_STEP][PASSED] - assert trim().equalsIgnoreCase(facility.trim()): null

2023-08-25 10:37:18 - [TEST_STEP][PASSED] - assert trim().equalsIgnoreCase(readmission.trim()): null

2023-08-25 10:37:18 - [TEST_STEP][PASSED] - assert trim().equalsIgnoreCase(healthcare_program.trim()): null

2023-08-25 10:37:18 - [TEST_STEP][PASSED] - assert trim().equalsIgnoreCase(date.trim()): null

2023-08-25 10:37:18 - [TEST_STEP][PASSED] - assert trim().equalsIgnoreCase(comment.trim()): null]]></system-out>
         <system-err><![CDATA[]]></system-err>
      </testcase>
      <testcase name="Test Cases/Appointment/Test Case 2.1 (dinamis)" time="22.69" classname="Test Cases/Appointment/Test Case 2.1 (dinamis)" status="PASSED">
         <system-out><![CDATA[2023-08-25 10:37:18 - [TEST_CASE][PASSED] - Test Cases/Appointment/Test Case 2.1 (dinamis): Test Cases/Appointment/Test Case 2.1 (dinamis)

2023-08-25 10:37:18 - [TEST_STEP][PASSED] - callTestCase(findTestCase("Login/Test Case 1.1 (Script)"), ["username":username, "password":password], STOP_ON_FAILURE): Call Test Case 'Test Cases/Login/Test Case 1.1 (Script)' successfully

2023-08-25 10:37:18 - [TEST_CASE][PASSED] - Test Cases/Login/Test Case 1.1 (Script): Test Cases/Login/Test Case 1.1 (Script)

2023-08-25 10:37:18 - [TEST_STEP][PASSED] - openBrowser("https://katalon-demo-cura.herokuapp.com/"): Browser is opened with url: 'https://katalon-demo-cura.herokuapp.com/'

2023-08-25 10:37:18 - [MESSAGE][WARNING] - A browser is already opened. Closing browser and opening a new one

2023-08-25 10:37:19 - [MESSAGE][INFO] - Starting 'Edge Chromium' driver

2023-08-25 10:37:22 - [MESSAGE][INFO] - Action delay is set to 0 milliseconds

2023-08-25 10:37:27 - [MESSAGE][PASSED] - Browser is opened with url: 'https://katalon-demo-cura.herokuapp.com/'

2023-08-25 10:37:27 - [TEST_STEP][PASSED] - maximizeWindow(): Current window maximized

2023-08-25 10:37:27 - [MESSAGE][PASSED] - Current window maximized

2023-08-25 10:37:27 - [TEST_STEP][PASSED] - verifyElementPresent(findTestObject("Object Repository/Objek untuk login/title_homepage"), 10): Object 'Object Repository/Objek untuk login/title_homepage' is present

2023-08-25 10:37:27 - [MESSAGE][PASSED] - Object 'Object Repository/Objek untuk login/title_homepage' is present

2023-08-25 10:37:27 - [TEST_STEP][PASSED] - click(findTestObject("Object Repository/Objek untuk login/menu_burger")): Object: 'Object Repository/Objek untuk login/menu_burger' is clicked on

2023-08-25 10:37:28 - [MESSAGE][PASSED] - Object: 'Object Repository/Objek untuk login/menu_burger' is clicked on

2023-08-25 10:37:28 - [TEST_STEP][PASSED] - click(findTestObject("Object Repository/Objek untuk login/menu_login")): Object: 'Object Repository/Objek untuk login/menu_login' is clicked on

2023-08-25 10:37:30 - [MESSAGE][PASSED] - Object: 'Object Repository/Objek untuk login/menu_login' is clicked on

2023-08-25 10:37:30 - [TEST_STEP][PASSED] - verifyElementPresent(findTestObject("Object Repository/Objek untuk login/verifikasi_masuk_halaman_login"), 10): Object 'Object Repository/Objek untuk login/verifikasi_masuk_halaman_login' is present

2023-08-25 10:37:30 - [MESSAGE][PASSED] - Object 'Object Repository/Objek untuk login/verifikasi_masuk_halaman_login' is present

2023-08-25 10:37:30 - [TEST_STEP][PASSED] - setText(findTestObject("Object Repository/Objek untuk login/input_form_username"), username): Text 'John Doe' is set on object 'Object Repository/Objek untuk login/input_form_username'

2023-08-25 10:37:31 - [MESSAGE][PASSED] - Text 'John Doe' is set on object 'Object Repository/Objek untuk login/input_form_username'

2023-08-25 10:37:31 - [TEST_STEP][PASSED] - setEncryptedText(findTestObject("Object Repository/Objek untuk login/input_form_password"), password): Text ****** has been set on object 'Object Repository/Objek untuk login/input_form_password'

2023-08-25 10:37:32 - [MESSAGE][PASSED] - Text ****** has been set on object 'Object Repository/Objek untuk login/input_form_password'

2023-08-25 10:37:32 - [TEST_STEP][PASSED] - click(findTestObject("Object Repository/Objek untuk login/button_form_Login")): Object: 'Object Repository/Objek untuk login/button_form_Login' is clicked on

2023-08-25 10:37:33 - [MESSAGE][PASSED] - Object: 'Object Repository/Objek untuk login/button_form_Login' is clicked on

2023-08-25 10:37:33 - [TEST_STEP][PASSED] - verifyElementPresent(findTestObject("Object Repository/Objek untuk login/title_make _appointment"), 10): Object 'Object Repository/Objek untuk login/title_make _appointment' is present

2023-08-25 10:37:34 - [MESSAGE][PASSED] - Object 'Object Repository/Objek untuk login/title_make _appointment' is present

2023-08-25 10:37:34 - [MESSAGE][PASSED] - Call Test Case 'Test Cases/Login/Test Case 1.1 (Script)' successfully

2023-08-25 10:37:34 - [TEST_STEP][PASSED] - selectOptionByValue(findTestObject("Make Appointment/select_facility"), facility, false): All options with value 'Tokyo CURA Healthcare Center' are selected in object 'Object Repository/Make Appointment/select_facility' 

2023-08-25 10:37:35 - [MESSAGE][PASSED] - All options with value 'Tokyo CURA Healthcare Center' are selected in object 'Object Repository/Make Appointment/select_facility' 

2023-08-25 10:37:35 - [TEST_STEP][PASSED] - if (toString().equalsIgnoreCase("yes")): null

2023-08-25 10:37:35 - [TEST_STEP][PASSED] - if (toString().equalsIgnoreCase("medicare")): Object 'Object Repository/Make Appointment/option_medicare' is checked

2023-08-25 10:37:35 - [TEST_STEP][PASSED] - check(findTestObject("Object Repository/Make Appointment/option_medicare")): Object 'Object Repository/Make Appointment/option_medicare' is checked

2023-08-25 10:37:35 - [MESSAGE][PASSED] - Object 'Object Repository/Make Appointment/option_medicare' is checked

2023-08-25 10:37:35 - [TEST_STEP][PASSED] - setText(findTestObject("Make Appointment/visit_date_appointment"), date): Text '04/06/2023' is set on object 'Object Repository/Make Appointment/visit_date_appointment'

2023-08-25 10:37:36 - [MESSAGE][PASSED] - Text '04/06/2023' is set on object 'Object Repository/Make Appointment/visit_date_appointment'

2023-08-25 10:37:36 - [TEST_STEP][PASSED] - setText(findTestObject("Make Appointment/comment_appointment"), comment): Text 'Hello World' is set on object 'Object Repository/Make Appointment/comment_appointment'

2023-08-25 10:37:37 - [MESSAGE][PASSED] - Text 'Hello World' is set on object 'Object Repository/Make Appointment/comment_appointment'

2023-08-25 10:37:37 - [TEST_STEP][PASSED] - click(findTestObject("Make Appointment/button_book_appointment")): Object: 'Object Repository/Make Appointment/button_book_appointment' is clicked on

2023-08-25 10:37:38 - [MESSAGE][PASSED] - Object: 'Object Repository/Make Appointment/button_book_appointment' is clicked on

2023-08-25 10:37:38 - [TEST_STEP][PASSED] - verifyElementPresent(findTestObject("Make Appointment/verify_appointment_confirmation"), 10): Object 'Object Repository/Make Appointment/verify_appointment_confirmation' is present

2023-08-25 10:37:39 - [MESSAGE][PASSED] - Object 'Object Repository/Make Appointment/verify_appointment_confirmation' is present

2023-08-25 10:37:39 - [TEST_STEP][PASSED] - hasilFacility = getText(findTestObject("Object Repository/Make Appointment/hasil_facility")): Text of object 'Object Repository/Make Appointment/hasil_facility' is: 'Tokyo CURA Healthcare Center'

2023-08-25 10:37:39 - [MESSAGE][PASSED] - Text of object 'Object Repository/Make Appointment/hasil_facility' is: 'Tokyo CURA Healthcare Center'

2023-08-25 10:37:39 - [TEST_STEP][PASSED] - hasilReadmission = getText(findTestObject("Object Repository/Make Appointment/hasil_readmission")): Text of object 'Object Repository/Make Appointment/hasil_readmission' is: 'No'

2023-08-25 10:37:40 - [MESSAGE][PASSED] - Text of object 'Object Repository/Make Appointment/hasil_readmission' is: 'No'

2023-08-25 10:37:40 - [TEST_STEP][PASSED] - hasilProgram = getText(findTestObject("Object Repository/Make Appointment/hasil_program")): Text of object 'Object Repository/Make Appointment/hasil_program' is: 'Medicare'

2023-08-25 10:37:40 - [MESSAGE][PASSED] - Text of object 'Object Repository/Make Appointment/hasil_program' is: 'Medicare'

2023-08-25 10:37:40 - [TEST_STEP][PASSED] - hasilDate = getText(findTestObject("Make Appointment/hasil_visit_date")): Text of object 'Object Repository/Make Appointment/hasil_visit_date' is: '04/06/2023'

2023-08-25 10:37:40 - [MESSAGE][PASSED] - Text of object 'Object Repository/Make Appointment/hasil_visit_date' is: '04/06/2023'

2023-08-25 10:37:40 - [TEST_STEP][PASSED] - hasilComment = getText(findTestObject("Make Appointment/hasil_comment")): Text of object 'Object Repository/Make Appointment/hasil_comment' is: 'Hello World'

2023-08-25 10:37:41 - [MESSAGE][PASSED] - Text of object 'Object Repository/Make Appointment/hasil_comment' is: 'Hello World'

2023-08-25 10:37:41 - [TEST_STEP][PASSED] - assert trim().equalsIgnoreCase(facility.trim()): null

2023-08-25 10:37:41 - [TEST_STEP][PASSED] - assert trim().equalsIgnoreCase(readmission.trim()): null

2023-08-25 10:37:41 - [TEST_STEP][PASSED] - assert trim().equalsIgnoreCase(healthcare_program.trim()): null

2023-08-25 10:37:41 - [TEST_STEP][PASSED] - assert trim().equalsIgnoreCase(date.trim()): null

2023-08-25 10:37:41 - [TEST_STEP][PASSED] - assert trim().equalsIgnoreCase(comment.trim()): null]]></system-out>
         <system-err><![CDATA[]]></system-err>
      </testcase>
      <testcase name="Test Cases/Appointment/Test Case 2.1 (dinamis)" time="23.144" classname="Test Cases/Appointment/Test Case 2.1 (dinamis)" status="PASSED">
         <system-out><![CDATA[2023-08-25 10:37:41 - [TEST_CASE][PASSED] - Test Cases/Appointment/Test Case 2.1 (dinamis): Test Cases/Appointment/Test Case 2.1 (dinamis)

2023-08-25 10:37:41 - [TEST_STEP][PASSED] - callTestCase(findTestCase("Login/Test Case 1.1 (Script)"), ["username":username, "password":password], STOP_ON_FAILURE): Call Test Case 'Test Cases/Login/Test Case 1.1 (Script)' successfully

2023-08-25 10:37:41 - [TEST_CASE][PASSED] - Test Cases/Login/Test Case 1.1 (Script): Test Cases/Login/Test Case 1.1 (Script)

2023-08-25 10:37:41 - [TEST_STEP][PASSED] - openBrowser("https://katalon-demo-cura.herokuapp.com/"): Browser is opened with url: 'https://katalon-demo-cura.herokuapp.com/'

2023-08-25 10:37:41 - [MESSAGE][WARNING] - A browser is already opened. Closing browser and opening a new one

2023-08-25 10:37:42 - [MESSAGE][INFO] - Starting 'Edge Chromium' driver

2023-08-25 10:37:45 - [MESSAGE][INFO] - Action delay is set to 0 milliseconds

2023-08-25 10:37:50 - [MESSAGE][PASSED] - Browser is opened with url: 'https://katalon-demo-cura.herokuapp.com/'

2023-08-25 10:37:50 - [TEST_STEP][PASSED] - maximizeWindow(): Current window maximized

2023-08-25 10:37:50 - [MESSAGE][PASSED] - Current window maximized

2023-08-25 10:37:50 - [TEST_STEP][PASSED] - verifyElementPresent(findTestObject("Object Repository/Objek untuk login/title_homepage"), 10): Object 'Object Repository/Objek untuk login/title_homepage' is present

2023-08-25 10:37:51 - [MESSAGE][PASSED] - Object 'Object Repository/Objek untuk login/title_homepage' is present

2023-08-25 10:37:51 - [TEST_STEP][PASSED] - click(findTestObject("Object Repository/Objek untuk login/menu_burger")): Object: 'Object Repository/Objek untuk login/menu_burger' is clicked on

2023-08-25 10:37:51 - [MESSAGE][PASSED] - Object: 'Object Repository/Objek untuk login/menu_burger' is clicked on

2023-08-25 10:37:51 - [TEST_STEP][PASSED] - click(findTestObject("Object Repository/Objek untuk login/menu_login")): Object: 'Object Repository/Objek untuk login/menu_login' is clicked on

2023-08-25 10:37:53 - [MESSAGE][PASSED] - Object: 'Object Repository/Objek untuk login/menu_login' is clicked on

2023-08-25 10:37:53 - [TEST_STEP][PASSED] - verifyElementPresent(findTestObject("Object Repository/Objek untuk login/verifikasi_masuk_halaman_login"), 10): Object 'Object Repository/Objek untuk login/verifikasi_masuk_halaman_login' is present

2023-08-25 10:37:54 - [MESSAGE][PASSED] - Object 'Object Repository/Objek untuk login/verifikasi_masuk_halaman_login' is present

2023-08-25 10:37:54 - [TEST_STEP][PASSED] - setText(findTestObject("Object Repository/Objek untuk login/input_form_username"), username): Text 'John Doe' is set on object 'Object Repository/Objek untuk login/input_form_username'

2023-08-25 10:37:55 - [MESSAGE][PASSED] - Text 'John Doe' is set on object 'Object Repository/Objek untuk login/input_form_username'

2023-08-25 10:37:55 - [TEST_STEP][PASSED] - setEncryptedText(findTestObject("Object Repository/Objek untuk login/input_form_password"), password): Text ****** has been set on object 'Object Repository/Objek untuk login/input_form_password'

2023-08-25 10:37:55 - [MESSAGE][PASSED] - Text ****** has been set on object 'Object Repository/Objek untuk login/input_form_password'

2023-08-25 10:37:55 - [TEST_STEP][PASSED] - click(findTestObject("Object Repository/Objek untuk login/button_form_Login")): Object: 'Object Repository/Objek untuk login/button_form_Login' is clicked on

2023-08-25 10:37:57 - [MESSAGE][PASSED] - Object: 'Object Repository/Objek untuk login/button_form_Login' is clicked on

2023-08-25 10:37:57 - [TEST_STEP][PASSED] - verifyElementPresent(findTestObject("Object Repository/Objek untuk login/title_make _appointment"), 10): Object 'Object Repository/Objek untuk login/title_make _appointment' is present

2023-08-25 10:37:57 - [MESSAGE][PASSED] - Object 'Object Repository/Objek untuk login/title_make _appointment' is present

2023-08-25 10:37:57 - [MESSAGE][PASSED] - Call Test Case 'Test Cases/Login/Test Case 1.1 (Script)' successfully

2023-08-25 10:37:57 - [TEST_STEP][PASSED] - selectOptionByValue(findTestObject("Make Appointment/select_facility"), facility, false): All options with value 'Tokyo CURA Healthcare Center' are selected in object 'Object Repository/Make Appointment/select_facility' 

2023-08-25 10:37:58 - [MESSAGE][PASSED] - All options with value 'Tokyo CURA Healthcare Center' are selected in object 'Object Repository/Make Appointment/select_facility' 

2023-08-25 10:37:58 - [TEST_STEP][PASSED] - if (toString().equalsIgnoreCase("yes")): null

2023-08-25 10:37:58 - [TEST_STEP][PASSED] - if (toString().equalsIgnoreCase("medicare")): null

2023-08-25 10:37:58 - [TEST_STEP][PASSED] - else if (toString().equalsIgnoreCase("medicaid")): Object 'Object Repository/Make Appointment/option_medicaid' is checked

2023-08-25 10:37:58 - [TEST_STEP][PASSED] - check(findTestObject("Make Appointment/option_medicaid")): Object 'Object Repository/Make Appointment/option_medicaid' is checked

2023-08-25 10:37:58 - [MESSAGE][PASSED] - Object 'Object Repository/Make Appointment/option_medicaid' is checked

2023-08-25 10:37:58 - [TEST_STEP][PASSED] - setText(findTestObject("Make Appointment/visit_date_appointment"), date): Text '04/06/2023' is set on object 'Object Repository/Make Appointment/visit_date_appointment'

2023-08-25 10:38:00 - [MESSAGE][PASSED] - Text '04/06/2023' is set on object 'Object Repository/Make Appointment/visit_date_appointment'

2023-08-25 10:38:00 - [TEST_STEP][PASSED] - setText(findTestObject("Make Appointment/comment_appointment"), comment): Text 'Hello World' is set on object 'Object Repository/Make Appointment/comment_appointment'

2023-08-25 10:38:00 - [MESSAGE][PASSED] - Text 'Hello World' is set on object 'Object Repository/Make Appointment/comment_appointment'

2023-08-25 10:38:00 - [TEST_STEP][PASSED] - click(findTestObject("Make Appointment/button_book_appointment")): Object: 'Object Repository/Make Appointment/button_book_appointment' is clicked on

2023-08-25 10:38:01 - [MESSAGE][PASSED] - Object: 'Object Repository/Make Appointment/button_book_appointment' is clicked on

2023-08-25 10:38:01 - [TEST_STEP][PASSED] - verifyElementPresent(findTestObject("Make Appointment/verify_appointment_confirmation"), 10): Object 'Object Repository/Make Appointment/verify_appointment_confirmation' is present

2023-08-25 10:38:02 - [MESSAGE][PASSED] - Object 'Object Repository/Make Appointment/verify_appointment_confirmation' is present

2023-08-25 10:38:02 - [TEST_STEP][PASSED] - hasilFacility = getText(findTestObject("Object Repository/Make Appointment/hasil_facility")): Text of object 'Object Repository/Make Appointment/hasil_facility' is: 'Tokyo CURA Healthcare Center'

2023-08-25 10:38:02 - [MESSAGE][PASSED] - Text of object 'Object Repository/Make Appointment/hasil_facility' is: 'Tokyo CURA Healthcare Center'

2023-08-25 10:38:02 - [TEST_STEP][PASSED] - hasilReadmission = getText(findTestObject("Object Repository/Make Appointment/hasil_readmission")): Text of object 'Object Repository/Make Appointment/hasil_readmission' is: 'No'

2023-08-25 10:38:03 - [MESSAGE][PASSED] - Text of object 'Object Repository/Make Appointment/hasil_readmission' is: 'No'

2023-08-25 10:38:03 - [TEST_STEP][PASSED] - hasilProgram = getText(findTestObject("Object Repository/Make Appointment/hasil_program")): Text of object 'Object Repository/Make Appointment/hasil_program' is: 'Medicaid'

2023-08-25 10:38:03 - [MESSAGE][PASSED] - Text of object 'Object Repository/Make Appointment/hasil_program' is: 'Medicaid'

2023-08-25 10:38:03 - [TEST_STEP][PASSED] - hasilDate = getText(findTestObject("Make Appointment/hasil_visit_date")): Text of object 'Object Repository/Make Appointment/hasil_visit_date' is: '04/06/2023'

2023-08-25 10:38:04 - [MESSAGE][PASSED] - Text of object 'Object Repository/Make Appointment/hasil_visit_date' is: '04/06/2023'

2023-08-25 10:38:04 - [TEST_STEP][PASSED] - hasilComment = getText(findTestObject("Make Appointment/hasil_comment")): Text of object 'Object Repository/Make Appointment/hasil_comment' is: 'Hello World'

2023-08-25 10:38:04 - [MESSAGE][PASSED] - Text of object 'Object Repository/Make Appointment/hasil_comment' is: 'Hello World'

2023-08-25 10:38:04 - [TEST_STEP][PASSED] - assert trim().equalsIgnoreCase(facility.trim()): null

2023-08-25 10:38:04 - [TEST_STEP][PASSED] - assert trim().equalsIgnoreCase(readmission.trim()): null

2023-08-25 10:38:04 - [TEST_STEP][PASSED] - assert trim().equalsIgnoreCase(healthcare_program.trim()): null

2023-08-25 10:38:04 - [TEST_STEP][PASSED] - assert trim().equalsIgnoreCase(date.trim()): null

2023-08-25 10:38:04 - [TEST_STEP][PASSED] - assert trim().equalsIgnoreCase(comment.trim()): null]]></system-out>
         <system-err><![CDATA[]]></system-err>
      </testcase>
      <testcase name="Test Cases/Appointment/Test Case 2.1 (dinamis)" time="23.22" classname="Test Cases/Appointment/Test Case 2.1 (dinamis)" status="PASSED">
         <system-out><![CDATA[2023-08-25 10:38:04 - [TEST_CASE][PASSED] - Test Cases/Appointment/Test Case 2.1 (dinamis): Test Cases/Appointment/Test Case 2.1 (dinamis)

2023-08-25 10:38:04 - [TEST_STEP][PASSED] - callTestCase(findTestCase("Login/Test Case 1.1 (Script)"), ["username":username, "password":password], STOP_ON_FAILURE): Call Test Case 'Test Cases/Login/Test Case 1.1 (Script)' successfully

2023-08-25 10:38:04 - [TEST_CASE][PASSED] - Test Cases/Login/Test Case 1.1 (Script): Test Cases/Login/Test Case 1.1 (Script)

2023-08-25 10:38:04 - [TEST_STEP][PASSED] - openBrowser("https://katalon-demo-cura.herokuapp.com/"): Browser is opened with url: 'https://katalon-demo-cura.herokuapp.com/'

2023-08-25 10:38:04 - [MESSAGE][WARNING] - A browser is already opened. Closing browser and opening a new one

2023-08-25 10:38:05 - [MESSAGE][INFO] - Starting 'Edge Chromium' driver

2023-08-25 10:38:08 - [MESSAGE][INFO] - Action delay is set to 0 milliseconds

2023-08-25 10:38:13 - [MESSAGE][PASSED] - Browser is opened with url: 'https://katalon-demo-cura.herokuapp.com/'

2023-08-25 10:38:13 - [TEST_STEP][PASSED] - maximizeWindow(): Current window maximized

2023-08-25 10:38:13 - [MESSAGE][PASSED] - Current window maximized

2023-08-25 10:38:13 - [TEST_STEP][PASSED] - verifyElementPresent(findTestObject("Object Repository/Objek untuk login/title_homepage"), 10): Object 'Object Repository/Objek untuk login/title_homepage' is present

2023-08-25 10:38:13 - [MESSAGE][PASSED] - Object 'Object Repository/Objek untuk login/title_homepage' is present

2023-08-25 10:38:13 - [TEST_STEP][PASSED] - click(findTestObject("Object Repository/Objek untuk login/menu_burger")): Object: 'Object Repository/Objek untuk login/menu_burger' is clicked on

2023-08-25 10:38:14 - [MESSAGE][PASSED] - Object: 'Object Repository/Objek untuk login/menu_burger' is clicked on

2023-08-25 10:38:14 - [TEST_STEP][PASSED] - click(findTestObject("Object Repository/Objek untuk login/menu_login")): Object: 'Object Repository/Objek untuk login/menu_login' is clicked on

2023-08-25 10:38:16 - [MESSAGE][PASSED] - Object: 'Object Repository/Objek untuk login/menu_login' is clicked on

2023-08-25 10:38:16 - [TEST_STEP][PASSED] - verifyElementPresent(findTestObject("Object Repository/Objek untuk login/verifikasi_masuk_halaman_login"), 10): Object 'Object Repository/Objek untuk login/verifikasi_masuk_halaman_login' is present

2023-08-25 10:38:17 - [MESSAGE][PASSED] - Object 'Object Repository/Objek untuk login/verifikasi_masuk_halaman_login' is present

2023-08-25 10:38:17 - [TEST_STEP][PASSED] - setText(findTestObject("Object Repository/Objek untuk login/input_form_username"), username): Text 'John Doe' is set on object 'Object Repository/Objek untuk login/input_form_username'

2023-08-25 10:38:18 - [MESSAGE][PASSED] - Text 'John Doe' is set on object 'Object Repository/Objek untuk login/input_form_username'

2023-08-25 10:38:18 - [TEST_STEP][PASSED] - setEncryptedText(findTestObject("Object Repository/Objek untuk login/input_form_password"), password): Text ****** has been set on object 'Object Repository/Objek untuk login/input_form_password'

2023-08-25 10:38:19 - [MESSAGE][PASSED] - Text ****** has been set on object 'Object Repository/Objek untuk login/input_form_password'

2023-08-25 10:38:19 - [TEST_STEP][PASSED] - click(findTestObject("Object Repository/Objek untuk login/button_form_Login")): Object: 'Object Repository/Objek untuk login/button_form_Login' is clicked on

2023-08-25 10:38:20 - [MESSAGE][PASSED] - Object: 'Object Repository/Objek untuk login/button_form_Login' is clicked on

2023-08-25 10:38:20 - [TEST_STEP][PASSED] - verifyElementPresent(findTestObject("Object Repository/Objek untuk login/title_make _appointment"), 10): Object 'Object Repository/Objek untuk login/title_make _appointment' is present

2023-08-25 10:38:20 - [MESSAGE][PASSED] - Object 'Object Repository/Objek untuk login/title_make _appointment' is present

2023-08-25 10:38:20 - [MESSAGE][PASSED] - Call Test Case 'Test Cases/Login/Test Case 1.1 (Script)' successfully

2023-08-25 10:38:20 - [TEST_STEP][PASSED] - selectOptionByValue(findTestObject("Make Appointment/select_facility"), facility, false): All options with value 'Tokyo CURA Healthcare Center' are selected in object 'Object Repository/Make Appointment/select_facility' 

2023-08-25 10:38:21 - [MESSAGE][PASSED] - All options with value 'Tokyo CURA Healthcare Center' are selected in object 'Object Repository/Make Appointment/select_facility' 

2023-08-25 10:38:21 - [TEST_STEP][PASSED] - if (toString().equalsIgnoreCase("yes")): null

2023-08-25 10:38:21 - [TEST_STEP][PASSED] - if (toString().equalsIgnoreCase("medicare")): null

2023-08-25 10:38:21 - [TEST_STEP][PASSED] - else if (toString().equalsIgnoreCase("medicaid")): null

2023-08-25 10:38:21 - [TEST_STEP][PASSED] - else: Object 'Object Repository/Make Appointment/option_none_programs' is checked

2023-08-25 10:38:21 - [TEST_STEP][PASSED] - check(findTestObject("Object Repository/Make Appointment/option_none_programs")): Object 'Object Repository/Make Appointment/option_none_programs' is checked

2023-08-25 10:38:22 - [MESSAGE][PASSED] - Object 'Object Repository/Make Appointment/option_none_programs' is checked

2023-08-25 10:38:22 - [TEST_STEP][PASSED] - setText(findTestObject("Make Appointment/visit_date_appointment"), date): Text '04/06/2023' is set on object 'Object Repository/Make Appointment/visit_date_appointment'

2023-08-25 10:38:23 - [MESSAGE][PASSED] - Text '04/06/2023' is set on object 'Object Repository/Make Appointment/visit_date_appointment'

2023-08-25 10:38:23 - [TEST_STEP][PASSED] - setText(findTestObject("Make Appointment/comment_appointment"), comment): Text 'Hello World' is set on object 'Object Repository/Make Appointment/comment_appointment'

2023-08-25 10:38:24 - [MESSAGE][PASSED] - Text 'Hello World' is set on object 'Object Repository/Make Appointment/comment_appointment'

2023-08-25 10:38:24 - [TEST_STEP][PASSED] - click(findTestObject("Make Appointment/button_book_appointment")): Object: 'Object Repository/Make Appointment/button_book_appointment' is clicked on

2023-08-25 10:38:25 - [MESSAGE][PASSED] - Object: 'Object Repository/Make Appointment/button_book_appointment' is clicked on

2023-08-25 10:38:25 - [TEST_STEP][PASSED] - verifyElementPresent(findTestObject("Make Appointment/verify_appointment_confirmation"), 10): Object 'Object Repository/Make Appointment/verify_appointment_confirmation' is present

2023-08-25 10:38:25 - [MESSAGE][PASSED] - Object 'Object Repository/Make Appointment/verify_appointment_confirmation' is present

2023-08-25 10:38:25 - [TEST_STEP][PASSED] - hasilFacility = getText(findTestObject("Object Repository/Make Appointment/hasil_facility")): Text of object 'Object Repository/Make Appointment/hasil_facility' is: 'Tokyo CURA Healthcare Center'

2023-08-25 10:38:26 - [MESSAGE][PASSED] - Text of object 'Object Repository/Make Appointment/hasil_facility' is: 'Tokyo CURA Healthcare Center'

2023-08-25 10:38:26 - [TEST_STEP][PASSED] - hasilReadmission = getText(findTestObject("Object Repository/Make Appointment/hasil_readmission")): Text of object 'Object Repository/Make Appointment/hasil_readmission' is: 'No'

2023-08-25 10:38:26 - [MESSAGE][PASSED] - Text of object 'Object Repository/Make Appointment/hasil_readmission' is: 'No'

2023-08-25 10:38:26 - [TEST_STEP][PASSED] - hasilProgram = getText(findTestObject("Object Repository/Make Appointment/hasil_program")): Text of object 'Object Repository/Make Appointment/hasil_program' is: 'None'

2023-08-25 10:38:26 - [MESSAGE][PASSED] - Text of object 'Object Repository/Make Appointment/hasil_program' is: 'None'

2023-08-25 10:38:26 - [TEST_STEP][PASSED] - hasilDate = getText(findTestObject("Make Appointment/hasil_visit_date")): Text of object 'Object Repository/Make Appointment/hasil_visit_date' is: '04/06/2023'

2023-08-25 10:38:27 - [MESSAGE][PASSED] - Text of object 'Object Repository/Make Appointment/hasil_visit_date' is: '04/06/2023'

2023-08-25 10:38:27 - [TEST_STEP][PASSED] - hasilComment = getText(findTestObject("Make Appointment/hasil_comment")): Text of object 'Object Repository/Make Appointment/hasil_comment' is: 'Hello World'

2023-08-25 10:38:27 - [MESSAGE][PASSED] - Text of object 'Object Repository/Make Appointment/hasil_comment' is: 'Hello World'

2023-08-25 10:38:27 - [TEST_STEP][PASSED] - assert trim().equalsIgnoreCase(facility.trim()): null

2023-08-25 10:38:27 - [TEST_STEP][PASSED] - assert trim().equalsIgnoreCase(readmission.trim()): null

2023-08-25 10:38:27 - [TEST_STEP][PASSED] - assert trim().equalsIgnoreCase(healthcare_program.trim()): null

2023-08-25 10:38:27 - [TEST_STEP][PASSED] - assert trim().equalsIgnoreCase(date.trim()): null

2023-08-25 10:38:27 - [TEST_STEP][PASSED] - assert trim().equalsIgnoreCase(comment.trim()): null]]></system-out>
         <system-err><![CDATA[]]></system-err>
      </testcase>
      <testcase name="Test Cases/Appointment/Test Case 2.1 (dinamis)" time="22.902" classname="Test Cases/Appointment/Test Case 2.1 (dinamis)" status="PASSED">
         <system-out><![CDATA[2023-08-25 10:38:27 - [TEST_CASE][PASSED] - Test Cases/Appointment/Test Case 2.1 (dinamis): Test Cases/Appointment/Test Case 2.1 (dinamis)

2023-08-25 10:38:28 - [TEST_STEP][PASSED] - callTestCase(findTestCase("Login/Test Case 1.1 (Script)"), ["username":username, "password":password], STOP_ON_FAILURE): Call Test Case 'Test Cases/Login/Test Case 1.1 (Script)' successfully

2023-08-25 10:38:28 - [TEST_CASE][PASSED] - Test Cases/Login/Test Case 1.1 (Script): Test Cases/Login/Test Case 1.1 (Script)

2023-08-25 10:38:28 - [TEST_STEP][PASSED] - openBrowser("https://katalon-demo-cura.herokuapp.com/"): Browser is opened with url: 'https://katalon-demo-cura.herokuapp.com/'

2023-08-25 10:38:28 - [MESSAGE][WARNING] - A browser is already opened. Closing browser and opening a new one

2023-08-25 10:38:29 - [MESSAGE][INFO] - Starting 'Edge Chromium' driver

2023-08-25 10:38:31 - [MESSAGE][INFO] - Action delay is set to 0 milliseconds

2023-08-25 10:38:36 - [MESSAGE][PASSED] - Browser is opened with url: 'https://katalon-demo-cura.herokuapp.com/'

2023-08-25 10:38:36 - [TEST_STEP][PASSED] - maximizeWindow(): Current window maximized

2023-08-25 10:38:36 - [MESSAGE][PASSED] - Current window maximized

2023-08-25 10:38:36 - [TEST_STEP][PASSED] - verifyElementPresent(findTestObject("Object Repository/Objek untuk login/title_homepage"), 10): Object 'Object Repository/Objek untuk login/title_homepage' is present

2023-08-25 10:38:37 - [MESSAGE][PASSED] - Object 'Object Repository/Objek untuk login/title_homepage' is present

2023-08-25 10:38:37 - [TEST_STEP][PASSED] - click(findTestObject("Object Repository/Objek untuk login/menu_burger")): Object: 'Object Repository/Objek untuk login/menu_burger' is clicked on

2023-08-25 10:38:37 - [MESSAGE][PASSED] - Object: 'Object Repository/Objek untuk login/menu_burger' is clicked on

2023-08-25 10:38:37 - [TEST_STEP][PASSED] - click(findTestObject("Object Repository/Objek untuk login/menu_login")): Object: 'Object Repository/Objek untuk login/menu_login' is clicked on

2023-08-25 10:38:39 - [MESSAGE][PASSED] - Object: 'Object Repository/Objek untuk login/menu_login' is clicked on

2023-08-25 10:38:39 - [TEST_STEP][PASSED] - verifyElementPresent(findTestObject("Object Repository/Objek untuk login/verifikasi_masuk_halaman_login"), 10): Object 'Object Repository/Objek untuk login/verifikasi_masuk_halaman_login' is present

2023-08-25 10:38:39 - [MESSAGE][PASSED] - Object 'Object Repository/Objek untuk login/verifikasi_masuk_halaman_login' is present

2023-08-25 10:38:39 - [TEST_STEP][PASSED] - setText(findTestObject("Object Repository/Objek untuk login/input_form_username"), username): Text 'John Doe' is set on object 'Object Repository/Objek untuk login/input_form_username'

2023-08-25 10:38:40 - [MESSAGE][PASSED] - Text 'John Doe' is set on object 'Object Repository/Objek untuk login/input_form_username'

2023-08-25 10:38:40 - [TEST_STEP][PASSED] - setEncryptedText(findTestObject("Object Repository/Objek untuk login/input_form_password"), password): Text ****** has been set on object 'Object Repository/Objek untuk login/input_form_password'

2023-08-25 10:38:41 - [MESSAGE][PASSED] - Text ****** has been set on object 'Object Repository/Objek untuk login/input_form_password'

2023-08-25 10:38:41 - [TEST_STEP][PASSED] - click(findTestObject("Object Repository/Objek untuk login/button_form_Login")): Object: 'Object Repository/Objek untuk login/button_form_Login' is clicked on

2023-08-25 10:38:42 - [MESSAGE][PASSED] - Object: 'Object Repository/Objek untuk login/button_form_Login' is clicked on

2023-08-25 10:38:42 - [TEST_STEP][PASSED] - verifyElementPresent(findTestObject("Object Repository/Objek untuk login/title_make _appointment"), 10): Object 'Object Repository/Objek untuk login/title_make _appointment' is present

2023-08-25 10:38:43 - [MESSAGE][PASSED] - Object 'Object Repository/Objek untuk login/title_make _appointment' is present

2023-08-25 10:38:43 - [MESSAGE][PASSED] - Call Test Case 'Test Cases/Login/Test Case 1.1 (Script)' successfully

2023-08-25 10:38:43 - [TEST_STEP][PASSED] - selectOptionByValue(findTestObject("Make Appointment/select_facility"), facility, false): All options with value 'Hongkong CURA Healthcare Center' are selected in object 'Object Repository/Make Appointment/select_facility' 

2023-08-25 10:38:43 - [MESSAGE][PASSED] - All options with value 'Hongkong CURA Healthcare Center' are selected in object 'Object Repository/Make Appointment/select_facility' 

2023-08-25 10:38:43 - [TEST_STEP][PASSED] - if (toString().equalsIgnoreCase("yes")): Object 'Object Repository/Make Appointment/apply_hospital_readmission' is checked

2023-08-25 10:38:43 - [TEST_STEP][PASSED] - check(findTestObject("Make Appointment/apply_hospital_readmission")): Object 'Object Repository/Make Appointment/apply_hospital_readmission' is checked

2023-08-25 10:38:44 - [MESSAGE][PASSED] - Object 'Object Repository/Make Appointment/apply_hospital_readmission' is checked

2023-08-25 10:38:44 - [TEST_STEP][PASSED] - if (toString().equalsIgnoreCase("medicare")): Object 'Object Repository/Make Appointment/option_medicare' is checked

2023-08-25 10:38:44 - [TEST_STEP][PASSED] - check(findTestObject("Object Repository/Make Appointment/option_medicare")): Object 'Object Repository/Make Appointment/option_medicare' is checked

2023-08-25 10:38:45 - [MESSAGE][PASSED] - Object 'Object Repository/Make Appointment/option_medicare' is checked

2023-08-25 10:38:45 - [TEST_STEP][PASSED] - setText(findTestObject("Make Appointment/visit_date_appointment"), date): Text '04/06/2023' is set on object 'Object Repository/Make Appointment/visit_date_appointment'

2023-08-25 10:38:46 - [MESSAGE][PASSED] - Text '04/06/2023' is set on object 'Object Repository/Make Appointment/visit_date_appointment'

2023-08-25 10:38:46 - [TEST_STEP][PASSED] - setText(findTestObject("Make Appointment/comment_appointment"), comment): Text 'Hello World' is set on object 'Object Repository/Make Appointment/comment_appointment'

2023-08-25 10:38:47 - [MESSAGE][PASSED] - Text 'Hello World' is set on object 'Object Repository/Make Appointment/comment_appointment'

2023-08-25 10:38:47 - [TEST_STEP][PASSED] - click(findTestObject("Make Appointment/button_book_appointment")): Object: 'Object Repository/Make Appointment/button_book_appointment' is clicked on

2023-08-25 10:38:48 - [MESSAGE][PASSED] - Object: 'Object Repository/Make Appointment/button_book_appointment' is clicked on

2023-08-25 10:38:48 - [TEST_STEP][PASSED] - verifyElementPresent(findTestObject("Make Appointment/verify_appointment_confirmation"), 10): Object 'Object Repository/Make Appointment/verify_appointment_confirmation' is present

2023-08-25 10:38:48 - [MESSAGE][PASSED] - Object 'Object Repository/Make Appointment/verify_appointment_confirmation' is present

2023-08-25 10:38:48 - [TEST_STEP][PASSED] - hasilFacility = getText(findTestObject("Object Repository/Make Appointment/hasil_facility")): Text of object 'Object Repository/Make Appointment/hasil_facility' is: 'Hongkong CURA Healthcare Center'

2023-08-25 10:38:49 - [MESSAGE][PASSED] - Text of object 'Object Repository/Make Appointment/hasil_facility' is: 'Hongkong CURA Healthcare Center'

2023-08-25 10:38:49 - [TEST_STEP][PASSED] - hasilReadmission = getText(findTestObject("Object Repository/Make Appointment/hasil_readmission")): Text of object 'Object Repository/Make Appointment/hasil_readmission' is: 'Yes'

2023-08-25 10:38:49 - [MESSAGE][PASSED] - Text of object 'Object Repository/Make Appointment/hasil_readmission' is: 'Yes'

2023-08-25 10:38:49 - [TEST_STEP][PASSED] - hasilProgram = getText(findTestObject("Object Repository/Make Appointment/hasil_program")): Text of object 'Object Repository/Make Appointment/hasil_program' is: 'Medicare'

2023-08-25 10:38:49 - [MESSAGE][PASSED] - Text of object 'Object Repository/Make Appointment/hasil_program' is: 'Medicare'

2023-08-25 10:38:49 - [TEST_STEP][PASSED] - hasilDate = getText(findTestObject("Make Appointment/hasil_visit_date")): Text of object 'Object Repository/Make Appointment/hasil_visit_date' is: '04/06/2023'

2023-08-25 10:38:50 - [MESSAGE][PASSED] - Text of object 'Object Repository/Make Appointment/hasil_visit_date' is: '04/06/2023'

2023-08-25 10:38:50 - [TEST_STEP][PASSED] - hasilComment = getText(findTestObject("Make Appointment/hasil_comment")): Text of object 'Object Repository/Make Appointment/hasil_comment' is: 'Hello World'

2023-08-25 10:38:50 - [MESSAGE][PASSED] - Text of object 'Object Repository/Make Appointment/hasil_comment' is: 'Hello World'

2023-08-25 10:38:50 - [TEST_STEP][PASSED] - assert trim().equalsIgnoreCase(facility.trim()): null

2023-08-25 10:38:50 - [TEST_STEP][PASSED] - assert trim().equalsIgnoreCase(readmission.trim()): null

2023-08-25 10:38:50 - [TEST_STEP][PASSED] - assert trim().equalsIgnoreCase(healthcare_program.trim()): null

2023-08-25 10:38:50 - [TEST_STEP][PASSED] - assert trim().equalsIgnoreCase(date.trim()): null

2023-08-25 10:38:50 - [TEST_STEP][PASSED] - assert trim().equalsIgnoreCase(comment.trim()): null]]></system-out>
         <system-err><![CDATA[]]></system-err>
      </testcase>
      <testcase name="Test Cases/Appointment/Test Case 2.1 (dinamis)" time="23.166" classname="Test Cases/Appointment/Test Case 2.1 (dinamis)" status="PASSED">
         <system-out><![CDATA[2023-08-25 10:38:50 - [TEST_CASE][PASSED] - Test Cases/Appointment/Test Case 2.1 (dinamis): Test Cases/Appointment/Test Case 2.1 (dinamis)

2023-08-25 10:38:51 - [TEST_STEP][PASSED] - callTestCase(findTestCase("Login/Test Case 1.1 (Script)"), ["username":username, "password":password], STOP_ON_FAILURE): Call Test Case 'Test Cases/Login/Test Case 1.1 (Script)' successfully

2023-08-25 10:38:51 - [TEST_CASE][PASSED] - Test Cases/Login/Test Case 1.1 (Script): Test Cases/Login/Test Case 1.1 (Script)

2023-08-25 10:38:51 - [TEST_STEP][PASSED] - openBrowser("https://katalon-demo-cura.herokuapp.com/"): Browser is opened with url: 'https://katalon-demo-cura.herokuapp.com/'

2023-08-25 10:38:51 - [MESSAGE][WARNING] - A browser is already opened. Closing browser and opening a new one

2023-08-25 10:38:52 - [MESSAGE][INFO] - Starting 'Edge Chromium' driver

2023-08-25 10:38:54 - [MESSAGE][INFO] - Action delay is set to 0 milliseconds

2023-08-25 10:38:59 - [MESSAGE][PASSED] - Browser is opened with url: 'https://katalon-demo-cura.herokuapp.com/'

2023-08-25 10:38:59 - [TEST_STEP][PASSED] - maximizeWindow(): Current window maximized

2023-08-25 10:38:59 - [MESSAGE][PASSED] - Current window maximized

2023-08-25 10:38:59 - [TEST_STEP][PASSED] - verifyElementPresent(findTestObject("Object Repository/Objek untuk login/title_homepage"), 10): Object 'Object Repository/Objek untuk login/title_homepage' is present

2023-08-25 10:39:00 - [MESSAGE][PASSED] - Object 'Object Repository/Objek untuk login/title_homepage' is present

2023-08-25 10:39:00 - [TEST_STEP][PASSED] - click(findTestObject("Object Repository/Objek untuk login/menu_burger")): Object: 'Object Repository/Objek untuk login/menu_burger' is clicked on

2023-08-25 10:39:01 - [MESSAGE][PASSED] - Object: 'Object Repository/Objek untuk login/menu_burger' is clicked on

2023-08-25 10:39:01 - [TEST_STEP][PASSED] - click(findTestObject("Object Repository/Objek untuk login/menu_login")): Object: 'Object Repository/Objek untuk login/menu_login' is clicked on

2023-08-25 10:39:02 - [MESSAGE][PASSED] - Object: 'Object Repository/Objek untuk login/menu_login' is clicked on

2023-08-25 10:39:02 - [TEST_STEP][PASSED] - verifyElementPresent(findTestObject("Object Repository/Objek untuk login/verifikasi_masuk_halaman_login"), 10): Object 'Object Repository/Objek untuk login/verifikasi_masuk_halaman_login' is present

2023-08-25 10:39:03 - [MESSAGE][PASSED] - Object 'Object Repository/Objek untuk login/verifikasi_masuk_halaman_login' is present

2023-08-25 10:39:03 - [TEST_STEP][PASSED] - setText(findTestObject("Object Repository/Objek untuk login/input_form_username"), username): Text 'John Doe' is set on object 'Object Repository/Objek untuk login/input_form_username'

2023-08-25 10:39:04 - [MESSAGE][PASSED] - Text 'John Doe' is set on object 'Object Repository/Objek untuk login/input_form_username'

2023-08-25 10:39:04 - [TEST_STEP][PASSED] - setEncryptedText(findTestObject("Object Repository/Objek untuk login/input_form_password"), password): Text ****** has been set on object 'Object Repository/Objek untuk login/input_form_password'

2023-08-25 10:39:04 - [MESSAGE][PASSED] - Text ****** has been set on object 'Object Repository/Objek untuk login/input_form_password'

2023-08-25 10:39:04 - [TEST_STEP][PASSED] - click(findTestObject("Object Repository/Objek untuk login/button_form_Login")): Object: 'Object Repository/Objek untuk login/button_form_Login' is clicked on

2023-08-25 10:39:06 - [MESSAGE][PASSED] - Object: 'Object Repository/Objek untuk login/button_form_Login' is clicked on

2023-08-25 10:39:06 - [TEST_STEP][PASSED] - verifyElementPresent(findTestObject("Object Repository/Objek untuk login/title_make _appointment"), 10): Object 'Object Repository/Objek untuk login/title_make _appointment' is present

2023-08-25 10:39:06 - [MESSAGE][PASSED] - Object 'Object Repository/Objek untuk login/title_make _appointment' is present

2023-08-25 10:39:06 - [MESSAGE][PASSED] - Call Test Case 'Test Cases/Login/Test Case 1.1 (Script)' successfully

2023-08-25 10:39:06 - [TEST_STEP][PASSED] - selectOptionByValue(findTestObject("Make Appointment/select_facility"), facility, false): All options with value 'Hongkong CURA Healthcare Center' are selected in object 'Object Repository/Make Appointment/select_facility' 

2023-08-25 10:39:07 - [MESSAGE][PASSED] - All options with value 'Hongkong CURA Healthcare Center' are selected in object 'Object Repository/Make Appointment/select_facility' 

2023-08-25 10:39:07 - [TEST_STEP][PASSED] - if (toString().equalsIgnoreCase("yes")): Object 'Object Repository/Make Appointment/apply_hospital_readmission' is checked

2023-08-25 10:39:07 - [TEST_STEP][PASSED] - check(findTestObject("Make Appointment/apply_hospital_readmission")): Object 'Object Repository/Make Appointment/apply_hospital_readmission' is checked

2023-08-25 10:39:08 - [MESSAGE][PASSED] - Object 'Object Repository/Make Appointment/apply_hospital_readmission' is checked

2023-08-25 10:39:08 - [TEST_STEP][PASSED] - if (toString().equalsIgnoreCase("medicare")): null

2023-08-25 10:39:08 - [TEST_STEP][PASSED] - else if (toString().equalsIgnoreCase("medicaid")): Object 'Object Repository/Make Appointment/option_medicaid' is checked

2023-08-25 10:39:08 - [TEST_STEP][PASSED] - check(findTestObject("Make Appointment/option_medicaid")): Object 'Object Repository/Make Appointment/option_medicaid' is checked

2023-08-25 10:39:08 - [MESSAGE][PASSED] - Object 'Object Repository/Make Appointment/option_medicaid' is checked

2023-08-25 10:39:08 - [TEST_STEP][PASSED] - setText(findTestObject("Make Appointment/visit_date_appointment"), date): Text '04/06/2023' is set on object 'Object Repository/Make Appointment/visit_date_appointment'

2023-08-25 10:39:09 - [MESSAGE][PASSED] - Text '04/06/2023' is set on object 'Object Repository/Make Appointment/visit_date_appointment'

2023-08-25 10:39:09 - [TEST_STEP][PASSED] - setText(findTestObject("Make Appointment/comment_appointment"), comment): Text 'Hello World' is set on object 'Object Repository/Make Appointment/comment_appointment'

2023-08-25 10:39:10 - [MESSAGE][PASSED] - Text 'Hello World' is set on object 'Object Repository/Make Appointment/comment_appointment'

2023-08-25 10:39:10 - [TEST_STEP][PASSED] - click(findTestObject("Make Appointment/button_book_appointment")): Object: 'Object Repository/Make Appointment/button_book_appointment' is clicked on

2023-08-25 10:39:11 - [MESSAGE][PASSED] - Object: 'Object Repository/Make Appointment/button_book_appointment' is clicked on

2023-08-25 10:39:11 - [TEST_STEP][PASSED] - verifyElementPresent(findTestObject("Make Appointment/verify_appointment_confirmation"), 10): Object 'Object Repository/Make Appointment/verify_appointment_confirmation' is present

2023-08-25 10:39:11 - [MESSAGE][PASSED] - Object 'Object Repository/Make Appointment/verify_appointment_confirmation' is present

2023-08-25 10:39:11 - [TEST_STEP][PASSED] - hasilFacility = getText(findTestObject("Object Repository/Make Appointment/hasil_facility")): Text of object 'Object Repository/Make Appointment/hasil_facility' is: 'Hongkong CURA Healthcare Center'

2023-08-25 10:39:12 - [MESSAGE][PASSED] - Text of object 'Object Repository/Make Appointment/hasil_facility' is: 'Hongkong CURA Healthcare Center'

2023-08-25 10:39:12 - [TEST_STEP][PASSED] - hasilReadmission = getText(findTestObject("Object Repository/Make Appointment/hasil_readmission")): Text of object 'Object Repository/Make Appointment/hasil_readmission' is: 'Yes'

2023-08-25 10:39:12 - [MESSAGE][PASSED] - Text of object 'Object Repository/Make Appointment/hasil_readmission' is: 'Yes'

2023-08-25 10:39:12 - [TEST_STEP][PASSED] - hasilProgram = getText(findTestObject("Object Repository/Make Appointment/hasil_program")): Text of object 'Object Repository/Make Appointment/hasil_program' is: 'Medicaid'

2023-08-25 10:39:13 - [MESSAGE][PASSED] - Text of object 'Object Repository/Make Appointment/hasil_program' is: 'Medicaid'

2023-08-25 10:39:13 - [TEST_STEP][PASSED] - hasilDate = getText(findTestObject("Make Appointment/hasil_visit_date")): Text of object 'Object Repository/Make Appointment/hasil_visit_date' is: '04/06/2023'

2023-08-25 10:39:13 - [MESSAGE][PASSED] - Text of object 'Object Repository/Make Appointment/hasil_visit_date' is: '04/06/2023'

2023-08-25 10:39:13 - [TEST_STEP][PASSED] - hasilComment = getText(findTestObject("Make Appointment/hasil_comment")): Text of object 'Object Repository/Make Appointment/hasil_comment' is: 'Hello World'

2023-08-25 10:39:14 - [MESSAGE][PASSED] - Text of object 'Object Repository/Make Appointment/hasil_comment' is: 'Hello World'

2023-08-25 10:39:14 - [TEST_STEP][PASSED] - assert trim().equalsIgnoreCase(facility.trim()): null

2023-08-25 10:39:14 - [TEST_STEP][PASSED] - assert trim().equalsIgnoreCase(readmission.trim()): null

2023-08-25 10:39:14 - [TEST_STEP][PASSED] - assert trim().equalsIgnoreCase(healthcare_program.trim()): null

2023-08-25 10:39:14 - [TEST_STEP][PASSED] - assert trim().equalsIgnoreCase(date.trim()): null

2023-08-25 10:39:14 - [TEST_STEP][PASSED] - assert trim().equalsIgnoreCase(comment.trim()): null]]></system-out>
         <system-err><![CDATA[]]></system-err>
      </testcase>
      <testcase name="Test Cases/Appointment/Test Case 2.1 (dinamis)" time="23.317" classname="Test Cases/Appointment/Test Case 2.1 (dinamis)" status="PASSED">
         <system-out><![CDATA[2023-08-25 10:39:14 - [TEST_CASE][PASSED] - Test Cases/Appointment/Test Case 2.1 (dinamis): Test Cases/Appointment/Test Case 2.1 (dinamis)

2023-08-25 10:39:14 - [TEST_STEP][PASSED] - callTestCase(findTestCase("Login/Test Case 1.1 (Script)"), ["username":username, "password":password], STOP_ON_FAILURE): Call Test Case 'Test Cases/Login/Test Case 1.1 (Script)' successfully

2023-08-25 10:39:14 - [TEST_CASE][PASSED] - Test Cases/Login/Test Case 1.1 (Script): Test Cases/Login/Test Case 1.1 (Script)

2023-08-25 10:39:14 - [TEST_STEP][PASSED] - openBrowser("https://katalon-demo-cura.herokuapp.com/"): Browser is opened with url: 'https://katalon-demo-cura.herokuapp.com/'

2023-08-25 10:39:14 - [MESSAGE][WARNING] - A browser is already opened. Closing browser and opening a new one

2023-08-25 10:39:15 - [MESSAGE][INFO] - Starting 'Edge Chromium' driver

2023-08-25 10:39:17 - [MESSAGE][INFO] - Action delay is set to 0 milliseconds

2023-08-25 10:39:23 - [MESSAGE][PASSED] - Browser is opened with url: 'https://katalon-demo-cura.herokuapp.com/'

2023-08-25 10:39:23 - [TEST_STEP][PASSED] - maximizeWindow(): Current window maximized

2023-08-25 10:39:23 - [MESSAGE][PASSED] - Current window maximized

2023-08-25 10:39:23 - [TEST_STEP][PASSED] - verifyElementPresent(findTestObject("Object Repository/Objek untuk login/title_homepage"), 10): Object 'Object Repository/Objek untuk login/title_homepage' is present

2023-08-25 10:39:23 - [MESSAGE][PASSED] - Object 'Object Repository/Objek untuk login/title_homepage' is present

2023-08-25 10:39:23 - [TEST_STEP][PASSED] - click(findTestObject("Object Repository/Objek untuk login/menu_burger")): Object: 'Object Repository/Objek untuk login/menu_burger' is clicked on

2023-08-25 10:39:24 - [MESSAGE][PASSED] - Object: 'Object Repository/Objek untuk login/menu_burger' is clicked on

2023-08-25 10:39:24 - [TEST_STEP][PASSED] - click(findTestObject("Object Repository/Objek untuk login/menu_login")): Object: 'Object Repository/Objek untuk login/menu_login' is clicked on

2023-08-25 10:39:25 - [MESSAGE][PASSED] - Object: 'Object Repository/Objek untuk login/menu_login' is clicked on

2023-08-25 10:39:25 - [TEST_STEP][PASSED] - verifyElementPresent(findTestObject("Object Repository/Objek untuk login/verifikasi_masuk_halaman_login"), 10): Object 'Object Repository/Objek untuk login/verifikasi_masuk_halaman_login' is present

2023-08-25 10:39:26 - [MESSAGE][PASSED] - Object 'Object Repository/Objek untuk login/verifikasi_masuk_halaman_login' is present

2023-08-25 10:39:26 - [TEST_STEP][PASSED] - setText(findTestObject("Object Repository/Objek untuk login/input_form_username"), username): Text 'John Doe' is set on object 'Object Repository/Objek untuk login/input_form_username'

2023-08-25 10:39:27 - [MESSAGE][PASSED] - Text 'John Doe' is set on object 'Object Repository/Objek untuk login/input_form_username'

[...]

2023-08-25 10:41:57 - [MESSAGE][PASSED] - Text of object 'Object Repository/Make Appointment/hasil_program' is: 'Medicare'

2023-08-25 10:41:57 - [TEST_STEP][PASSED] - hasilDate = getText(findTestObject("Make Appointment/hasil_visit_date")): Text of object 'Object Repository/Make Appointment/hasil_visit_date' is: '04/06/2023'

2023-08-25 10:41:57 - [MESSAGE][PASSED] - Text of object 'Object Repository/Make Appointment/hasil_visit_date' is: '04/06/2023'

2023-08-25 10:41:57 - [TEST_STEP][PASSED] - hasilComment = getText(findTestObject("Make Appointment/hasil_comment")): Text of object 'Object Repository/Make Appointment/hasil_comment' is: 'Hello World'

2023-08-25 10:41:58 - [MESSAGE][PASSED] - Text of object 'Object Repository/Make Appointment/hasil_comment' is: 'Hello World'

2023-08-25 10:41:58 - [TEST_STEP][PASSED] - assert trim().equalsIgnoreCase(facility.trim()): null

2023-08-25 10:41:58 - [TEST_STEP][PASSED] - assert trim().equalsIgnoreCase(readmission.trim()): null

2023-08-25 10:41:58 - [TEST_STEP][PASSED] - assert trim().equalsIgnoreCase(healthcare_program.trim()): null

2023-08-25 10:41:58 - [TEST_STEP][PASSED] - assert trim().equalsIgnoreCase(date.trim()): null

2023-08-25 10:41:58 - [TEST_STEP][PASSED] - assert trim().equalsIgnoreCase(comment.trim()): null]]></system-out>
         <system-err><![CDATA[]]></system-err>
      </testcase>
      <testcase name="Test Cases/Appointment/Test Case 2.1 (dinamis)" time="23.06" classname="Test Cases/Appointment/Test Case 2.1 (dinamis)" status="PASSED">
         <system-out><![CDATA[2023-08-25 10:41:58 - [TEST_CASE][PASSED] - Test Cases/Appointment/Test Case 2.1 (dinamis): Test Cases/Appointment/Test Case 2.1 (dinamis)

2023-08-25 10:41:58 - [TEST_STEP][PASSED] - callTestCase(findTestCase("Login/Test Case 1.1 (Script)"), ["username":username, "password":password], STOP_ON_FAILURE): Call Test Case 'Test Cases/Login/Test Case 1.1 (Script)' successfully

2023-08-25 10:41:58 - [TEST_CASE][PASSED] - Test Cases/Login/Test Case 1.1 (Script): Test Cases/Login/Test Case 1.1 (Script)

2023-08-25 10:41:58 - [TEST_STEP][PASSED] - openBrowser("https://katalon-demo-cura.herokuapp.com/"): Browser is opened with url: 'https://katalon-demo-cura.herokuapp.com/'

2023-08-25 10:41:58 - [MESSAGE][WARNING] - A browser is already opened. Closing browser and opening a new one

2023-08-25 10:41:59 - [MESSAGE][INFO] - Starting 'Edge Chromium' driver

2023-08-25 10:42:01 - [MESSAGE][INFO] - Action delay is set to 0 milliseconds

2023-08-25 10:42:07 - [MESSAGE][PASSED] - Browser is opened with url: 'https://katalon-demo-cura.herokuapp.com/'

2023-08-25 10:42:07 - [TEST_STEP][PASSED] - maximizeWindow(): Current window maximized

2023-08-25 10:42:07 - [MESSAGE][PASSED] - Current window maximized

2023-08-25 10:42:07 - [TEST_STEP][PASSED] - verifyElementPresent(findTestObject("Object Repository/Objek untuk login/title_homepage"), 10): Object 'Object Repository/Objek untuk login/title_homepage' is present

2023-08-25 10:42:07 - [MESSAGE][PASSED] - Object 'Object Repository/Objek untuk login/title_homepage' is present

2023-08-25 10:42:07 - [TEST_STEP][PASSED] - click(findTestObject("Object Repository/Objek untuk login/menu_burger")): Object: 'Object Repository/Objek untuk login/menu_burger' is clicked on

2023-08-25 10:42:08 - [MESSAGE][PASSED] - Object: 'Object Repository/Objek untuk login/menu_burger' is clicked on

2023-08-25 10:42:08 - [TEST_STEP][PASSED] - click(findTestObject("Object Repository/Objek untuk login/menu_login")): Object: 'Object Repository/Objek untuk login/menu_login' is clicked on

2023-08-25 10:42:09 - [MESSAGE][PASSED] - Object: 'Object Repository/Objek untuk login/menu_login' is clicked on

2023-08-25 10:42:09 - [TEST_STEP][PASSED] - verifyElementPresent(findTestObject("Object Repository/Objek untuk login/verifikasi_masuk_halaman_login"), 10): Object 'Object Repository/Objek untuk login/verifikasi_masuk_halaman_login' is present

2023-08-25 10:42:10 - [MESSAGE][PASSED] - Object 'Object Repository/Objek untuk login/verifikasi_masuk_halaman_login' is present

2023-08-25 10:42:10 - [TEST_STEP][PASSED] - setText(findTestObject("Object Repository/Objek untuk login/input_form_username"), username): Text 'John Doe' is set on object 'Object Repository/Objek untuk login/input_form_username'

2023-08-25 10:42:11 - [MESSAGE][PASSED] - Text 'John Doe' is set on object 'Object Repository/Objek untuk login/input_form_username'

2023-08-25 10:42:11 - [TEST_STEP][PASSED] - setEncryptedText(findTestObject("Object Repository/Objek untuk login/input_form_password"), password): Text ****** has been set on object 'Object Repository/Objek untuk login/input_form_password'

2023-08-25 10:42:12 - [MESSAGE][PASSED] - Text ****** has been set on object 'Object Repository/Objek untuk login/input_form_password'

2023-08-25 10:42:12 - [TEST_STEP][PASSED] - click(findTestObject("Object Repository/Objek untuk login/button_form_Login")): Object: 'Object Repository/Objek untuk login/button_form_Login' is clicked on

2023-08-25 10:42:13 - [MESSAGE][PASSED] - Object: 'Object Repository/Objek untuk login/button_form_Login' is clicked on

2023-08-25 10:42:13 - [TEST_STEP][PASSED] - verifyElementPresent(findTestObject("Object Repository/Objek untuk login/title_make _appointment"), 10): Object 'Object Repository/Objek untuk login/title_make _appointment' is present

2023-08-25 10:42:14 - [MESSAGE][PASSED] - Object 'Object Repository/Objek untuk login/title_make _appointment' is present

2023-08-25 10:42:14 - [MESSAGE][PASSED] - Call Test Case 'Test Cases/Login/Test Case 1.1 (Script)' successfully

2023-08-25 10:42:14 - [TEST_STEP][PASSED] - selectOptionByValue(findTestObject("Make Appointment/select_facility"), facility, false): All options with value 'Seoul CURA Healthcare Center' are selected in object 'Object Repository/Make Appointment/select_facility' 

2023-08-25 10:42:14 - [MESSAGE][PASSED] - All options with value 'Seoul CURA Healthcare Center' are selected in object 'Object Repository/Make Appointment/select_facility' 

2023-08-25 10:42:14 - [TEST_STEP][PASSED] - if (toString().equalsIgnoreCase("yes")): null

2023-08-25 10:42:14 - [TEST_STEP][PASSED] - if (toString().equalsIgnoreCase("medicare")): null

2023-08-25 10:42:14 - [TEST_STEP][PASSED] - else if (toString().equalsIgnoreCase("medicaid")): Object 'Object Repository/Make Appointment/option_medicaid' is checked

2023-08-25 10:42:14 - [TEST_STEP][PASSED] - check(findTestObject("Make Appointment/option_medicaid")): Object 'Object Repository/Make Appointment/option_medicaid' is checked

2023-08-25 10:42:15 - [MESSAGE][PASSED] - Object 'Object Repository/Make Appointment/option_medicaid' is checked

2023-08-25 10:42:15 - [TEST_STEP][PASSED] - setText(findTestObject("Make Appointment/visit_date_appointment"), date): Text '04/06/2023' is set on object 'Object Repository/Make Appointment/visit_date_appointment'

2023-08-25 10:42:16 - [MESSAGE][PASSED] - Text '04/06/2023' is set on object 'Object Repository/Make Appointment/visit_date_appointment'

2023-08-25 10:42:16 - [TEST_STEP][PASSED] - setText(findTestObject("Make Appointment/comment_appointment"), comment): Text 'Hello World' is set on object 'Object Repository/Make Appointment/comment_appointment'

2023-08-25 10:42:17 - [MESSAGE][PASSED] - Text 'Hello World' is set on object 'Object Repository/Make Appointment/comment_appointment'

2023-08-25 10:42:17 - [TEST_STEP][PASSED] - click(findTestObject("Make Appointment/button_book_appointment")): Object: 'Object Repository/Make Appointment/button_book_appointment' is clicked on

2023-08-25 10:42:18 - [MESSAGE][PASSED] - Object: 'Object Repository/Make Appointment/button_book_appointment' is clicked on

2023-08-25 10:42:18 - [TEST_STEP][PASSED] - verifyElementPresent(findTestObject("Make Appointment/verify_appointment_confirmation"), 10): Object 'Object Repository/Make Appointment/verify_appointment_confirmation' is present

2023-08-25 10:42:18 - [MESSAGE][PASSED] - Object 'Object Repository/Make Appointment/verify_appointment_confirmation' is present

2023-08-25 10:42:18 - [TEST_STEP][PASSED] - hasilFacility = getText(findTestObject("Object Repository/Make Appointment/hasil_facility")): Text of object 'Object Repository/Make Appointment/hasil_facility' is: 'Seoul CURA Healthcare Center'

2023-08-25 10:42:19 - [MESSAGE][PASSED] - Text of object 'Object Repository/Make Appointment/hasil_facility' is: 'Seoul CURA Healthcare Center'

2023-08-25 10:42:19 - [TEST_STEP][PASSED] - hasilReadmission = getText(findTestObject("Object Repository/Make Appointment/hasil_readmission")): Text of object 'Object Repository/Make Appointment/hasil_readmission' is: 'No'

2023-08-25 10:42:19 - [MESSAGE][PASSED] - Text of object 'Object Repository/Make Appointment/hasil_readmission' is: 'No'

2023-08-25 10:42:19 - [TEST_STEP][PASSED] - hasilProgram = getText(findTestObject("Object Repository/Make Appointment/hasil_program")): Text of object 'Object Repository/Make Appointment/hasil_program' is: 'Medicaid'

2023-08-25 10:42:20 - [MESSAGE][PASSED] - Text of object 'Object Repository/Make Appointment/hasil_program' is: 'Medicaid'

2023-08-25 10:42:20 - [TEST_STEP][PASSED] - hasilDate = getText(findTestObject("Make Appointment/hasil_visit_date")): Text of object 'Object Repository/Make Appointment/hasil_visit_date' is: '04/06/2023'

2023-08-25 10:42:20 - [MESSAGE][PASSED] - Text of object 'Object Repository/Make Appointment/hasil_visit_date' is: '04/06/2023'

2023-08-25 10:42:20 - [TEST_STEP][PASSED] - hasilComment = getText(findTestObject("Make Appointment/hasil_comment")): Text of object 'Object Repository/Make Appointment/hasil_comment' is: 'Hello World'

2023-08-25 10:42:21 - [MESSAGE][PASSED] - Text of object 'Object Repository/Make Appointment/hasil_comment' is: 'Hello World'

2023-08-25 10:42:21 - [TEST_STEP][PASSED] - assert trim().equalsIgnoreCase(facility.trim()): null

2023-08-25 10:42:21 - [TEST_STEP][PASSED] - assert trim().equalsIgnoreCase(readmission.trim()): null

2023-08-25 10:42:21 - [TEST_STEP][PASSED] - assert trim().equalsIgnoreCase(healthcare_program.trim()): null

2023-08-25 10:42:21 - [TEST_STEP][PASSED] - assert trim().equalsIgnoreCase(date.trim()): null

2023-08-25 10:42:21 - [TEST_STEP][PASSED] - assert trim().equalsIgnoreCase(comment.trim()): null]]></system-out>
         <system-err><![CDATA[]]></system-err>
      </testcase>
      <testcase name="Test Cases/Appointment/Test Case 2.1 (dinamis)" time="22.876" classname="Test Cases/Appointment/Test Case 2.1 (dinamis)" status="PASSED">
         <system-out><![CDATA[2023-08-25 10:42:21 - [TEST_CASE][PASSED] - Test Cases/Appointment/Test Case 2.1 (dinamis): Test Cases/Appointment/Test Case 2.1 (dinamis)

2023-08-25 10:42:21 - [TEST_STEP][PASSED] - callTestCase(findTestCase("Login/Test Case 1.1 (Script)"), ["username":username, "password":password], STOP_ON_FAILURE): Call Test Case 'Test Cases/Login/Test Case 1.1 (Script)' successfully

2023-08-25 10:42:21 - [TEST_CASE][PASSED] - Test Cases/Login/Test Case 1.1 (Script): Test Cases/Login/Test Case 1.1 (Script)

2023-08-25 10:42:21 - [TEST_STEP][PASSED] - openBrowser("https://katalon-demo-cura.herokuapp.com/"): Browser is opened with url: 'https://katalon-demo-cura.herokuapp.com/'

2023-08-25 10:42:21 - [MESSAGE][WARNING] - A browser is already opened. Closing browser and opening a new one

2023-08-25 10:42:22 - [MESSAGE][INFO] - Starting 'Edge Chromium' driver

2023-08-25 10:42:24 - [MESSAGE][INFO] - Action delay is set to 0 milliseconds

2023-08-25 10:42:30 - [MESSAGE][PASSED] - Browser is opened with url: 'https://katalon-demo-cura.herokuapp.com/'

2023-08-25 10:42:30 - [TEST_STEP][PASSED] - maximizeWindow(): Current window maximized

2023-08-25 10:42:30 - [MESSAGE][PASSED] - Current window maximized

2023-08-25 10:42:30 - [TEST_STEP][PASSED] - verifyElementPresent(findTestObject("Object Repository/Objek untuk login/title_homepage"), 10): Object 'Object Repository/Objek untuk login/title_homepage' is present

2023-08-25 10:42:30 - [MESSAGE][PASSED] - Object 'Object Repository/Objek untuk login/title_homepage' is present

2023-08-25 10:42:30 - [TEST_STEP][PASSED] - click(findTestObject("Object Repository/Objek untuk login/menu_burger")): Object: 'Object Repository/Objek untuk login/menu_burger' is clicked on

2023-08-25 10:42:31 - [MESSAGE][PASSED] - Object: 'Object Repository/Objek untuk login/menu_burger' is clicked on

2023-08-25 10:42:31 - [TEST_STEP][PASSED] - click(findTestObject("Object Repository/Objek untuk login/menu_login")): Object: 'Object Repository/Objek untuk login/menu_login' is clicked on

2023-08-25 10:42:32 - [MESSAGE][PASSED] - Object: 'Object Repository/Objek untuk login/menu_login' is clicked on

2023-08-25 10:42:32 - [TEST_STEP][PASSED] - verifyElementPresent(findTestObject("Object Repository/Objek untuk login/verifikasi_masuk_halaman_login"), 10): Object 'Object Repository/Objek untuk login/verifikasi_masuk_halaman_login' is present

2023-08-25 10:42:33 - [MESSAGE][PASSED] - Object 'Object Repository/Objek untuk login/verifikasi_masuk_halaman_login' is present

2023-08-25 10:42:33 - [TEST_STEP][PASSED] - setText(findTestObject("Object Repository/Objek untuk login/input_form_username"), username): Text 'John Doe' is set on object 'Object Repository/Objek untuk login/input_form_username'

2023-08-25 10:42:34 - [MESSAGE][PASSED] - Text 'John Doe' is set on object 'Object Repository/Objek untuk login/input_form_username'

2023-08-25 10:42:34 - [TEST_STEP][PASSED] - setEncryptedText(findTestObject("Object Repository/Objek untuk login/input_form_password"), password): Text ****** has been set on object 'Object Repository/Objek untuk login/input_form_password'

2023-08-25 10:42:35 - [MESSAGE][PASSED] - Text ****** has been set on object 'Object Repository/Objek untuk login/input_form_password'

2023-08-25 10:42:35 - [TEST_STEP][PASSED] - click(findTestObject("Object Repository/Objek untuk login/button_form_Login")): Object: 'Object Repository/Objek untuk login/button_form_Login' is clicked on

2023-08-25 10:42:36 - [MESSAGE][PASSED] - Object: 'Object Repository/Objek untuk login/button_form_Login' is clicked on

2023-08-25 10:42:36 - [TEST_STEP][PASSED] - verifyElementPresent(findTestObject("Object Repository/Objek untuk login/title_make _appointment"), 10): Object 'Object Repository/Objek untuk login/title_make _appointment' is present

2023-08-25 10:42:36 - [MESSAGE][PASSED] - Object 'Object Repository/Objek untuk login/title_make _appointment' is present

2023-08-25 10:42:36 - [MESSAGE][PASSED] - Call Test Case 'Test Cases/Login/Test Case 1.1 (Script)' successfully

2023-08-25 10:42:36 - [TEST_STEP][PASSED] - selectOptionByValue(findTestObject("Make Appointment/select_facility"), facility, false): All options with value 'Seoul CURA Healthcare Center' are selected in object 'Object Repository/Make Appointment/select_facility' 

2023-08-25 10:42:37 - [MESSAGE][PASSED] - All options with value 'Seoul CURA Healthcare Center' are selected in object 'Object Repository/Make Appointment/select_facility' 

2023-08-25 10:42:37 - [TEST_STEP][PASSED] - if (toString().equalsIgnoreCase("yes")): null

2023-08-25 10:42:37 - [TEST_STEP][PASSED] - if (toString().equalsIgnoreCase("medicare")): null

2023-08-25 10:42:37 - [TEST_STEP][PASSED] - else if (toString().equalsIgnoreCase("medicaid")): null

2023-08-25 10:42:37 - [TEST_STEP][PASSED] - else: Object 'Object Repository/Make Appointment/option_none_programs' is checked

2023-08-25 10:42:37 - [TEST_STEP][PASSED] - check(findTestObject("Object Repository/Make Appointment/option_none_programs")): Object 'Object Repository/Make Appointment/option_none_programs' is checked

2023-08-25 10:42:38 - [MESSAGE][PASSED] - Object 'Object Repository/Make Appointment/option_none_programs' is checked

2023-08-25 10:42:38 - [TEST_STEP][PASSED] - setText(findTestObject("Make Appointment/visit_date_appointment"), date): Text '04/06/2023' is set on object 'Object Repository/Make Appointment/visit_date_appointment'

2023-08-25 10:42:39 - [MESSAGE][PASSED] - Text '04/06/2023' is set on object 'Object Repository/Make Appointment/visit_date_appointment'

2023-08-25 10:42:39 - [TEST_STEP][PASSED] - setText(findTestObject("Make Appointment/comment_appointment"), comment): Text 'Hello World' is set on object 'Object Repository/Make Appointment/comment_appointment'

2023-08-25 10:42:40 - [MESSAGE][PASSED] - Text 'Hello World' is set on object 'Object Repository/Make Appointment/comment_appointment'

2023-08-25 10:42:40 - [TEST_STEP][PASSED] - click(findTestObject("Make Appointment/button_book_appointment")): Object: 'Object Repository/Make Appointment/button_book_appointment' is clicked on

2023-08-25 10:42:41 - [MESSAGE][PASSED] - Object: 'Object Repository/Make Appointment/button_book_appointment' is clicked on

2023-08-25 10:42:41 - [TEST_STEP][PASSED] - verifyElementPresent(findTestObject("Make Appointment/verify_appointment_confirmation"), 10): Object 'Object Repository/Make Appointment/verify_appointment_confirmation' is present

2023-08-25 10:42:41 - [MESSAGE][PASSED] - Object 'Object Repository/Make Appointment/verify_appointment_confirmation' is present

2023-08-25 10:42:41 - [TEST_STEP][PASSED] - hasilFacility = getText(findTestObject("Object Repository/Make Appointment/hasil_facility")): Text of object 'Object Repository/Make Appointment/hasil_facility' is: 'Seoul CURA Healthcare Center'

2023-08-25 10:42:42 - [MESSAGE][PASSED] - Text of object 'Object Repository/Make Appointment/hasil_facility' is: 'Seoul CURA Healthcare Center'

2023-08-25 10:42:42 - [TEST_STEP][PASSED] - hasilReadmission = getText(findTestObject("Object Repository/Make Appointment/hasil_readmission")): Text of object 'Object Repository/Make Appointment/hasil_readmission' is: 'No'

2023-08-25 10:42:42 - [MESSAGE][PASSED] - Text of object 'Object Repository/Make Appointment/hasil_readmission' is: 'No'

2023-08-25 10:42:42 - [TEST_STEP][PASSED] - hasilProgram = getText(findTestObject("Object Repository/Make Appointment/hasil_program")): Text of object 'Object Repository/Make Appointment/hasil_program' is: 'None'

2023-08-25 10:42:43 - [MESSAGE][PASSED] - Text of object 'Object Repository/Make Appointment/hasil_program' is: 'None'

2023-08-25 10:42:43 - [TEST_STEP][PASSED] - hasilDate = getText(findTestObject("Make Appointment/hasil_visit_date")): Text of object 'Object Repository/Make Appointment/hasil_visit_date' is: '04/06/2023'

2023-08-25 10:42:43 - [MESSAGE][PASSED] - Text of object 'Object Repository/Make Appointment/hasil_visit_date' is: '04/06/2023'

2023-08-25 10:42:43 - [TEST_STEP][PASSED] - hasilComment = getText(findTestObject("Make Appointment/hasil_comment")): Text of object 'Object Repository/Make Appointment/hasil_comment' is: 'Hello World'

2023-08-25 10:42:44 - [MESSAGE][PASSED] - Text of object 'Object Repository/Make Appointment/hasil_comment' is: 'Hello World'

2023-08-25 10:42:44 - [TEST_STEP][PASSED] - assert trim().equalsIgnoreCase(facility.trim()): null

2023-08-25 10:42:44 - [TEST_STEP][PASSED] - assert trim().equalsIgnoreCase(readmission.trim()): null

2023-08-25 10:42:44 - [TEST_STEP][PASSED] - assert trim().equalsIgnoreCase(healthcare_program.trim()): null

2023-08-25 10:42:44 - [TEST_STEP][PASSED] - assert trim().equalsIgnoreCase(date.trim()): null

2023-08-25 10:42:44 - [TEST_STEP][PASSED] - assert trim().equalsIgnoreCase(comment.trim()): null]]></system-out>
         <system-err><![CDATA[]]></system-err>
      </testcase>
      <system-out><![CDATA[2023-08-25 10:36:02 - [TEST_SUITE][PASSED] - Test Suite Appointment: Test Cases/Appointment/Test Case 2.1 (dinamis)]]></system-out>
      <system-err><![CDATA[]]></system-err>
   </testsuite>
</testsuites>
